<?xml version="1.0" encoding="UTF-8"?>
<robot generator="Robot 6.1.1 (Python 3.12.0 on win32)" generated="20231218 10:58:03.438" rpa="false" schemaversion="4">
<suite id="s1" name="Automationtestingpractice" source="C:\Users\amanda.delcorco\Project robot\robotproject\tests\automationtestingpractice.robot">
<test id="s1-t1" name="Fill Writing Form" line="11">
<kw name="Open automation Page" library="automation_page">
<kw name="Browser" library="common_elements">
<arg>${AUTOMATION_URL}</arg>
<arg>${BROWSER}</arg>
<kw name="Open Browser" library="SeleniumLibrary">
<arg>${AUTOMATION_URL}</arg>
<arg>${BROWSER}</arg>
<doc>Opens a new browser instance to the optional ``url``.</doc>
<msg timestamp="20231218 10:58:03.784" level="INFO">Opening browser 'Chrome' to base url 'https://testautomationpractice.blogspot.com/'.</msg>
<status status="PASS" starttime="20231218 10:58:03.784" endtime="20231218 10:58:11.526"/>
</kw>
<status status="PASS" starttime="20231218 10:58:03.784" endtime="20231218 10:58:11.526"/>
</kw>
<status status="PASS" starttime="20231218 10:58:03.783" endtime="20231218 10:58:11.526"/>
</kw>
<kw name="Maximize Window" library="common_elements">
<kw name="Maximize Browser Window" library="SeleniumLibrary">
<doc>Maximizes current browser window.</doc>
<status status="PASS" starttime="20231218 10:58:11.527" endtime="20231218 10:58:11.652"/>
</kw>
<status status="PASS" starttime="20231218 10:58:11.527" endtime="20231218 10:58:11.652"/>
</kw>
<kw name="Fill form" library="automation_page">
<arg>Amanda</arg>
<arg>amanda.test@test.com</arg>
<arg>551176267282</arg>
<arg>Rua Amendoada,55</arg>
<kw name="Insert Text" library="common_elements">
<arg>${name_field}</arg>
<arg>${name}</arg>
<kw name="Input Text" library="SeleniumLibrary">
<arg>${locator}</arg>
<arg>${text}</arg>
<doc>Types the given ``text`` into the text field identified by ``locator``.</doc>
<msg timestamp="20231218 10:58:11.655" level="INFO">Typing text 'Amanda' into text field 'id=name'.</msg>
<status status="PASS" starttime="20231218 10:58:11.654" endtime="20231218 10:58:11.756"/>
</kw>
<status status="PASS" starttime="20231218 10:58:11.653" endtime="20231218 10:58:11.756"/>
</kw>
<kw name="Insert Text" library="common_elements">
<arg>${email_field}</arg>
<arg>${email}</arg>
<kw name="Input Text" library="SeleniumLibrary">
<arg>${locator}</arg>
<arg>${text}</arg>
<doc>Types the given ``text`` into the text field identified by ``locator``.</doc>
<msg timestamp="20231218 10:58:11.757" level="INFO">Typing text 'amanda.test@test.com' into text field 'id=email'.</msg>
<status status="PASS" starttime="20231218 10:58:11.757" endtime="20231218 10:58:11.904"/>
</kw>
<status status="PASS" starttime="20231218 10:58:11.756" endtime="20231218 10:58:11.904"/>
</kw>
<kw name="Insert Text" library="common_elements">
<arg>${phone_field}</arg>
<arg>${phone}</arg>
<kw name="Input Text" library="SeleniumLibrary">
<arg>${locator}</arg>
<arg>${text}</arg>
<doc>Types the given ``text`` into the text field identified by ``locator``.</doc>
<msg timestamp="20231218 10:58:11.905" level="INFO">Typing text '551176267282' into text field 'id=phone'.</msg>
<status status="PASS" starttime="20231218 10:58:11.904" endtime="20231218 10:58:12.002"/>
</kw>
<status status="PASS" starttime="20231218 10:58:11.904" endtime="20231218 10:58:12.002"/>
</kw>
<kw name="Insert Text" library="common_elements">
<arg>${address_field}</arg>
<arg>${address}</arg>
<kw name="Input Text" library="SeleniumLibrary">
<arg>${locator}</arg>
<arg>${text}</arg>
<doc>Types the given ``text`` into the text field identified by ``locator``.</doc>
<msg timestamp="20231218 10:58:12.003" level="INFO">Typing text 'Rua Amendoada,55' into text field '//*[@id="textarea"]'.</msg>
<status status="PASS" starttime="20231218 10:58:12.002" endtime="20231218 10:58:12.089"/>
</kw>
<status status="PASS" starttime="20231218 10:58:12.002" endtime="20231218 10:58:12.089"/>
</kw>
<status status="PASS" starttime="20231218 10:58:11.653" endtime="20231218 10:58:12.089"/>
</kw>
<status status="PASS" starttime="20231218 10:58:03.783" endtime="20231218 10:58:12.089"/>
</test>
<status status="PASS" starttime="20231218 10:58:03.439" endtime="20231218 10:58:12.090"/>
</suite>
<statistics>
<total>
<stat pass="1" fail="0" skip="0">All Tests</stat>
</total>
<tag>
</tag>
<suite>
<stat pass="1" fail="0" skip="0" id="s1" name="Automationtestingpractice">Automationtestingpractice</stat>
</suite>
</statistics>
<errors>
</errors>
</robot>
