<?xml version="1.0" encoding="UTF-8"?>
<robot generator="Robot 6.1.1 (Python 3.12.0 on win32)" generated="20240102 14:50:25.638" rpa="false" schemaversion="4">
<suite id="s1" name="Automationtestingpractice" source="C:\Users\amanda.delcorco\Project robot\robotproject\tests\automationtestingpractice.robot">
<test id="s1-t1" name="Test blog form page" line="12">
<kw name="Open blog automation Page" library="automation_blog_page">
<kw name="Browser" library="common_elements">
<arg>${AUTOMATION_URL}</arg>
<arg>${BROWSER}</arg>
<kw name="Open Browser" library="SeleniumLibrary">
<arg>${AUTOMATION_URL}</arg>
<arg>${BROWSER}</arg>
<doc>Opens a new browser instance to the optional ``url``.</doc>
<msg timestamp="20240102 14:50:26.046" level="INFO">Opening browser 'Chrome' to base url 'https://testautomationpractice.blogspot.com/'.</msg>
<status status="PASS" starttime="20240102 14:50:26.044" endtime="20240102 14:50:32.554"/>
</kw>
<status status="PASS" starttime="20240102 14:50:26.044" endtime="20240102 14:50:32.554"/>
</kw>
<status status="PASS" starttime="20240102 14:50:26.043" endtime="20240102 14:50:32.554"/>
</kw>
<kw name="Maximize Window" library="common_elements">
<kw name="Maximize Browser Window" library="SeleniumLibrary">
<doc>Maximizes current browser window.</doc>
<status status="PASS" starttime="20240102 14:50:32.555" endtime="20240102 14:50:32.665"/>
</kw>
<status status="PASS" starttime="20240102 14:50:32.555" endtime="20240102 14:50:32.665"/>
</kw>
<kw name="Fill name field" library="automation_blog_page">
<arg>${name}</arg>
<kw name="Input Text" library="SeleniumLibrary">
<arg>${name_field}</arg>
<arg>${name}</arg>
<doc>Types the given ``text`` into the text field identified by ``locator``.</doc>
<msg timestamp="20240102 14:50:32.666" level="INFO">Typing text 'Amanda' into text field 'class=form-group:nth-of-type(1) .form-control:nth-of-type(1)'.</msg>
<status status="PASS" starttime="20240102 14:50:32.666" endtime="20240102 14:50:32.787"/>
</kw>
<status status="PASS" starttime="20240102 14:50:32.666" endtime="20240102 14:50:32.787"/>
</kw>
<kw name="Fill email field" library="automation_blog_page">
<arg>${email}</arg>
<kw name="Input Text" library="SeleniumLibrary">
<arg>${email_field}</arg>
<arg>${email}</arg>
<doc>Types the given ``text`` into the text field identified by ``locator``.</doc>
<msg timestamp="20240102 14:50:32.788" level="INFO">Typing text 'aa@email.com' into text field 'class=form-group:nth-of-type(1) .form-control:nth-of-type(2)'.</msg>
<status status="PASS" starttime="20240102 14:50:32.788" endtime="20240102 14:50:32.887"/>
</kw>
<status status="PASS" starttime="20240102 14:50:32.787" endtime="20240102 14:50:32.887"/>
</kw>
<kw name="Fill phone number field" library="automation_blog_page">
<arg>${phone}</arg>
<kw name="Input Text" library="SeleniumLibrary">
<arg>${phone_field}</arg>
<arg>${phone}</arg>
<doc>Types the given ``text`` into the text field identified by ``locator``.</doc>
<msg timestamp="20240102 14:50:32.889" level="INFO">Typing text '1187655556' into text field 'class=form-group:nth-of-type(1) .form-control:nth-of-type(3)'.</msg>
<status status="PASS" starttime="20240102 14:50:32.888" endtime="20240102 14:50:32.989"/>
</kw>
<status status="PASS" starttime="20240102 14:50:32.888" endtime="20240102 14:50:32.989"/>
</kw>
<kw name="Fill address field" library="automation_blog_page">
<arg>${address}</arg>
<kw name="Input Text" library="SeleniumLibrary">
<arg>${address_field}</arg>
<arg>${address}</arg>
<doc>Types the given ``text`` into the text field identified by ``locator``.</doc>
<msg timestamp="20240102 14:50:32.989" level="INFO">Typing text 'Rua Amendoada,55' into text field 'class=form-group:nth-of-type(2) .form-control'.</msg>
<status status="PASS" starttime="20240102 14:50:32.989" endtime="20240102 14:50:33.085"/>
</kw>
<status status="PASS" starttime="20240102 14:50:32.989" endtime="20240102 14:50:33.085"/>
</kw>
<kw name="Choose Gender option" library="automation_blog_page">
<arg>female</arg>
<kw name="Convert To Lower Case" library="String">
<var>${gender_option_lower}</var>
<arg>${gender_option}</arg>
<doc>Converts string to lower case.</doc>
<msg timestamp="20240102 14:50:33.085" level="INFO">${gender_option_lower} = female</msg>
<status status="PASS" starttime="20240102 14:50:33.085" endtime="20240102 14:50:33.085"/>
</kw>
<kw name="Run Keyword If" library="BuiltIn">
<arg>'${gender_option_lower}' == 'female'</arg>
<arg>Click</arg>
<arg>${gender_female}</arg>
<arg>ELSE</arg>
<arg>Click</arg>
<arg>${gender_male}</arg>
<doc>Runs the given keyword with the given arguments, if ``condition`` is true.</doc>
<kw name="Click" library="common_elements">
<arg>${gender_female}</arg>
<kw name="Click Element" library="SeleniumLibrary">
<arg>${locator}</arg>
<doc>Click the element identified by ``locator``.</doc>
<msg timestamp="20240102 14:50:33.086" level="INFO">Clicking element 'class=form-group:nth-of-type(3) #female'.</msg>
<status status="PASS" starttime="20240102 14:50:33.086" endtime="20240102 14:50:33.142"/>
</kw>
<status status="PASS" starttime="20240102 14:50:33.086" endtime="20240102 14:50:33.142"/>
</kw>
<status status="PASS" starttime="20240102 14:50:33.085" endtime="20240102 14:50:33.142"/>
</kw>
<status status="PASS" starttime="20240102 14:50:33.085" endtime="20240102 14:50:33.143"/>
</kw>
<kw name="Choosing day of the week by position" library="automation_blog_page">
<arg>3</arg>
<kw name="Click on Element from list by position" library="common_list">
<arg>${day_checkbox_locator}</arg>
<arg>${position}</arg>
<kw name="Get Element from list by position" library="common_list">
<var>${element}</var>
<arg>${list_locator}</arg>
<arg>${position}</arg>
<kw name="Get WebElements" library="SeleniumLibrary">
<var>${elements}</var>
<arg>${list_locator}</arg>
<doc>Returns a list of WebElement objects matching the ``locator``.</doc>
<msg timestamp="20240102 14:50:33.154" level="INFO">${elements} = [&lt;selenium.webdriver.remote.webelement.WebElement (session="902393839409fa66577847a91d6ebfa1", element="26231AEB744D2211503CB4C58FBF0E91_element_58")&gt;, &lt;selenium.webdriver.remote.webelement.WebElement...</msg>
<status status="PASS" starttime="20240102 14:50:33.145" endtime="20240102 14:50:33.154"/>
</kw>
<kw name="Get From List" library="Collections">
<var>${element}</var>
<arg>${elements}</arg>
<arg>${position}</arg>
<doc>Returns the value specified with an ``index`` from ``list``.</doc>
<msg timestamp="20240102 14:50:33.155" level="INFO">${element} = &lt;selenium.webdriver.remote.webelement.WebElement (session="902393839409fa66577847a91d6ebfa1", element="26231AEB744D2211503CB4C58FBF0E91_element_61")&gt;</msg>
<status status="PASS" starttime="20240102 14:50:33.154" endtime="20240102 14:50:33.155"/>
</kw>
<msg timestamp="20240102 14:50:33.155" level="INFO">${element} = &lt;selenium.webdriver.remote.webelement.WebElement (session="902393839409fa66577847a91d6ebfa1", element="26231AEB744D2211503CB4C58FBF0E91_element_61")&gt;</msg>
<status status="PASS" starttime="20240102 14:50:33.143" endtime="20240102 14:50:33.155"/>
</kw>
<kw name="Click Element" library="SeleniumLibrary">
<arg>${element}</arg>
<doc>Click the element identified by ``locator``.</doc>
<msg timestamp="20240102 14:50:33.156" level="INFO">Clicking element '&lt;selenium.webdriver.remote.webelement.WebElement (session="902393839409fa66577847a91d6ebfa1", element="26231AEB744D2211503CB4C58FBF0E91_element_61")&gt;'.</msg>
<status status="PASS" starttime="20240102 14:50:33.155" endtime="20240102 14:50:33.200"/>
</kw>
<status status="PASS" starttime="20240102 14:50:33.143" endtime="20240102 14:50:33.200"/>
</kw>
<status status="PASS" starttime="20240102 14:50:33.143" endtime="20240102 14:50:33.200"/>
</kw>
<kw name="Choosing day of the week by value" library="automation_blog_page">
<arg>Monday</arg>
<kw name="Click on Element from list by value" library="common_list">
<arg>${days_locator}</arg>
<arg>${value}</arg>
<kw name="Get Element from list by value" library="common_list">
<var>${element}</var>
<arg>${list_locator}</arg>
<arg>${value}</arg>
<kw name="Get WebElements" library="SeleniumLibrary">
<var>${elements}</var>
<arg>${list_locator}</arg>
<doc>Returns a list of WebElement objects matching the ``locator``.</doc>
<msg timestamp="20240102 14:50:33.213" level="INFO">${elements} = [&lt;selenium.webdriver.remote.webelement.WebElement (session="902393839409fa66577847a91d6ebfa1", element="26231AEB744D2211503CB4C58FBF0E91_element_65")&gt;, &lt;selenium.webdriver.remote.webelement.WebElement...</msg>
<status status="PASS" starttime="20240102 14:50:33.201" endtime="20240102 14:50:33.213"/>
</kw>
<for flavor="IN">
<var>${element}</var>
<value>@{elements}</value>
<iter>
<var name="${element}">&lt;selenium.webdriver.remote.webelement.WebElement (session="902393839409fa66577847a91d6ebfa1", element="26231AEB744D2211503CB4C58FBF0E91_element_65")&gt;</var>
<kw name="Get Text" library="SeleniumLibrary">
<var>${element_text}</var>
<arg>${element}</arg>
<doc>Returns the text value of the element identified by ``locator``.</doc>
<msg timestamp="20240102 14:50:33.226" level="INFO">${element_text} = Sunday</msg>
<status status="PASS" starttime="20240102 14:50:33.213" endtime="20240102 14:50:33.226"/>
</kw>
<kw name="Convert To Lower Case" library="String">
<var>${lowercase_value}</var>
<arg>${value}</arg>
<doc>Converts string to lower case.</doc>
<msg timestamp="20240102 14:50:33.227" level="INFO">${lowercase_value} = monday</msg>
<status status="PASS" starttime="20240102 14:50:33.227" endtime="20240102 14:50:33.227"/>
</kw>
<kw name="Convert To Lower Case" library="String">
<var>${lowercase_element_text}</var>
<arg>${element_text}</arg>
<doc>Converts string to lower case.</doc>
<msg timestamp="20240102 14:50:33.227" level="INFO">${lowercase_element_text} = sunday</msg>
<status status="PASS" starttime="20240102 14:50:33.227" endtime="20240102 14:50:33.227"/>
</kw>
<kw name="Run Keyword If" library="BuiltIn">
<arg>'${lowercase_element_text}' == '${lowercase_value}'</arg>
<arg>Return From Keyword</arg>
<arg>${element}</arg>
<doc>Runs the given keyword with the given arguments, if ``condition`` is true.</doc>
<status status="PASS" starttime="20240102 14:50:33.227" endtime="20240102 14:50:33.227"/>
</kw>
<status status="PASS" starttime="20240102 14:50:33.213" endtime="20240102 14:50:33.227"/>
</iter>
<iter>
<var name="${element}">&lt;selenium.webdriver.remote.webelement.WebElement (session="902393839409fa66577847a91d6ebfa1", element="26231AEB744D2211503CB4C58FBF0E91_element_66")&gt;</var>
<kw name="Get Text" library="SeleniumLibrary">
<var>${element_text}</var>
<arg>${element}</arg>
<doc>Returns the text value of the element identified by ``locator``.</doc>
<msg timestamp="20240102 14:50:33.237" level="INFO">${element_text} = Monday</msg>
<status status="PASS" starttime="20240102 14:50:33.227" endtime="20240102 14:50:33.237"/>
</kw>
<kw name="Convert To Lower Case" library="String">
<var>${lowercase_value}</var>
<arg>${value}</arg>
<doc>Converts string to lower case.</doc>
<msg timestamp="20240102 14:50:33.237" level="INFO">${lowercase_value} = monday</msg>
<status status="PASS" starttime="20240102 14:50:33.237" endtime="20240102 14:50:33.237"/>
</kw>
<kw name="Convert To Lower Case" library="String">
<var>${lowercase_element_text}</var>
<arg>${element_text}</arg>
<doc>Converts string to lower case.</doc>
<msg timestamp="20240102 14:50:33.237" level="INFO">${lowercase_element_text} = monday</msg>
<status status="PASS" starttime="20240102 14:50:33.237" endtime="20240102 14:50:33.237"/>
</kw>
<kw name="Run Keyword If" library="BuiltIn">
<arg>'${lowercase_element_text}' == '${lowercase_value}'</arg>
<arg>Return From Keyword</arg>
<arg>${element}</arg>
<doc>Runs the given keyword with the given arguments, if ``condition`` is true.</doc>
<kw name="Return From Keyword" library="BuiltIn">
<arg>${element}</arg>
<doc>Returns from the enclosing user keyword.</doc>
<msg timestamp="20240102 14:50:33.238" level="INFO">Returning from the enclosing user keyword.</msg>
<status status="PASS" starttime="20240102 14:50:33.237" endtime="20240102 14:50:33.238"/>
</kw>
<status status="PASS" starttime="20240102 14:50:33.237" endtime="20240102 14:50:33.238"/>
</kw>
<status status="PASS" starttime="20240102 14:50:33.227" endtime="20240102 14:50:33.238"/>
</iter>
<status status="PASS" starttime="20240102 14:50:33.213" endtime="20240102 14:50:33.238"/>
</for>
<kw name="Fail" library="BuiltIn">
<arg>The value is not in the list: ${value}</arg>
<doc>Fails the test with the given message and optionally alters its tags.</doc>
<status status="NOT RUN" starttime="20240102 14:50:33.238" endtime="20240102 14:50:33.238"/>
</kw>
<msg timestamp="20240102 14:50:33.238" level="INFO">${element} = &lt;selenium.webdriver.remote.webelement.WebElement (session="902393839409fa66577847a91d6ebfa1", element="26231AEB744D2211503CB4C58FBF0E91_element_66")&gt;</msg>
<status status="PASS" starttime="20240102 14:50:33.201" endtime="20240102 14:50:33.238"/>
</kw>
<kw name="Click Element" library="SeleniumLibrary">
<arg>${element}</arg>
<doc>Click the element identified by ``locator``.</doc>
<msg timestamp="20240102 14:50:33.238" level="INFO">Clicking element '&lt;selenium.webdriver.remote.webelement.WebElement (session="902393839409fa66577847a91d6ebfa1", element="26231AEB744D2211503CB4C58FBF0E91_element_66")&gt;'.</msg>
<status status="PASS" starttime="20240102 14:50:33.238" endtime="20240102 14:50:33.269"/>
</kw>
<status status="PASS" starttime="20240102 14:50:33.200" endtime="20240102 14:50:33.269"/>
</kw>
<status status="PASS" starttime="20240102 14:50:33.200" endtime="20240102 14:50:33.269"/>
</kw>
<kw name="Choosing a country" library="automation_blog_page">
<arg>Brazil</arg>
<kw name="Get List Items" library="SeleniumLibrary">
<var>${countryValues}</var>
<arg>${country_locator}</arg>
<doc>Returns all labels or values of selection list ``locator``.</doc>
<msg timestamp="20240102 14:50:33.375" level="INFO">${countryValues} = ['United States', 'Canada', 'United Kingdom', 'Germany', 'France', 'Australia', 'Japan', 'China', 'Brazil', 'India']</msg>
<status status="PASS" starttime="20240102 14:50:33.269" endtime="20240102 14:50:33.375"/>
</kw>
<kw name="Select From List By Label" library="SeleniumLibrary">
<arg>${country_locator}</arg>
<arg>${value}</arg>
<doc>Selects options from selection list ``locator`` by ``labels``.</doc>
<msg timestamp="20240102 14:50:33.375" level="INFO">Selecting options from selection list 'class=form-group:nth-of-type(5) .form-control' by label Brazil.</msg>
<status status="PASS" starttime="20240102 14:50:33.375" endtime="20240102 14:50:33.445"/>
</kw>
<status status="PASS" starttime="20240102 14:50:33.269" endtime="20240102 14:50:33.445"/>
</kw>
<kw name="Choosing color" library="automation_blog_page">
<arg>White</arg>
<kw name="Select Value From List by label" library="common_list">
<arg>${color_list_locator}</arg>
<arg>${value}</arg>
<kw name="Select From List By Label" library="SeleniumLibrary">
<arg>${locator}</arg>
<arg>${value}</arg>
<doc>Selects options from selection list ``locator`` by ``labels``.</doc>
<msg timestamp="20240102 14:50:33.447" level="INFO">Selecting options from selection list 'class=form-group:nth-of-type(6) .form-control' by label White.</msg>
<status status="PASS" starttime="20240102 14:50:33.446" endtime="20240102 14:50:33.535"/>
</kw>
<status status="PASS" starttime="20240102 14:50:33.446" endtime="20240102 14:50:33.535"/>
</kw>
<status status="PASS" starttime="20240102 14:50:33.445" endtime="20240102 14:50:33.535"/>
</kw>
<kw name="Validate table cell row and column" library="automation_blog_page">
<arg>7</arg>
<arg>1</arg>
<kw name="Get cell by position" library="common_table">
<var>${actualValue}</var>
<arg>${web_table_locator}</arg>
<arg>${row}</arg>
<arg>${col}</arg>
<kw name="Get Table Cell" library="SeleniumLibrary">
<var>${tableCell}</var>
<arg>${tableLocator}</arg>
<arg>${row}</arg>
<arg>${col}</arg>
<doc>Returns contents of a table cell.</doc>
<msg timestamp="20240102 14:50:33.601" level="INFO">${tableCell} = Master In JS</msg>
<status status="PASS" starttime="20240102 14:50:33.536" endtime="20240102 14:50:33.602"/>
</kw>
<msg timestamp="20240102 14:50:33.602" level="INFO">${actualValue} = Master In JS</msg>
<status status="PASS" starttime="20240102 14:50:33.536" endtime="20240102 14:50:33.602"/>
</kw>
<kw name="Validate Table Cell Value" library="common_table">
<arg>${book_table}</arg>
<arg>${row}</arg>
<arg>${col}</arg>
<kw name="Get Text" library="SeleniumLibrary">
<var>${cell}</var>
<arg>//*[@name="${tableLocator}"]/tbody/tr[${row}]/td[${col}]</arg>
<doc>Returns the text value of the element identified by ``locator``.</doc>
<msg timestamp="20240102 14:50:33.621" level="INFO">${cell} = Master In JS</msg>
<status status="PASS" starttime="20240102 14:50:33.602" endtime="20240102 14:50:33.621"/>
</kw>
<kw name="Run Keyword If" library="BuiltIn">
<arg>'${cell}' == ''</arg>
<arg>Fail</arg>
<arg>Table cell is empty</arg>
<doc>Runs the given keyword with the given arguments, if ``condition`` is true.</doc>
<status status="PASS" starttime="20240102 14:50:33.621" endtime="20240102 14:50:33.621"/>
</kw>
<status status="PASS" starttime="20240102 14:50:33.602" endtime="20240102 14:50:33.621"/>
</kw>
<kw name="Log" library="BuiltIn">
<arg>Actual value in the cell: ${actualValue}</arg>
<doc>Logs the given message with the given level.</doc>
<msg timestamp="20240102 14:50:33.621" level="INFO">Actual value in the cell: Master In JS</msg>
<status status="PASS" starttime="20240102 14:50:33.621" endtime="20240102 14:50:33.621"/>
</kw>
<status status="PASS" starttime="20240102 14:50:33.536" endtime="20240102 14:50:33.621"/>
</kw>
<kw name="Validate If Table Cell Have The Especified Value" library="automation_blog_page">
<arg>Javascript</arg>
<kw name="Get Table Cell By Value" library="common_table">
<arg>${web_table_locator}</arg>
<arg>${value}</arg>
<kw name="Get Element Count" library="SeleniumLibrary">
<var>${rowCount}</var>
<arg>${tableLocator} tr</arg>
<doc>Returns the number of elements matching ``locator``.</doc>
<msg timestamp="20240102 14:50:33.634" level="INFO">${rowCount} = 7</msg>
<status status="PASS" starttime="20240102 14:50:33.623" endtime="20240102 14:50:33.634"/>
</kw>
<kw name="Get Element Count" library="SeleniumLibrary">
<var>${colCount}</var>
<arg>${tableLocator} th</arg>
<doc>Returns the number of elements matching ``locator``.</doc>
<msg timestamp="20240102 14:50:33.648" level="INFO">${colCount} = 4</msg>
<status status="PASS" starttime="20240102 14:50:33.635" endtime="20240102 14:50:33.648"/>
</kw>
<kw name="Create List" library="BuiltIn">
<var>${result}</var>
<doc>Returns a list containing given items.</doc>
<msg timestamp="20240102 14:50:33.648" level="INFO">${result} = []</msg>
<status status="PASS" starttime="20240102 14:50:33.648" endtime="20240102 14:50:33.648"/>
</kw>
<for flavor="IN RANGE">
<var>${row}</var>
<value>1</value>
<value>${rowCount+1}</value>
<iter>
<var name="${row}">1</var>
<kw name="Set Variable" library="BuiltIn">
<var>${currentRow}</var>
<arg>${row}</arg>
<doc>Returns the given values which can then be assigned to a variables.</doc>
<msg timestamp="20240102 14:50:33.649" level="INFO">${currentRow} = 1</msg>
<status status="PASS" starttime="20240102 14:50:33.649" endtime="20240102 14:50:33.649"/>
</kw>
<for flavor="IN RANGE">
<var>${col}</var>
<value>1</value>
<value>${colCount+1}</value>
<iter>
<var name="${col}">1</var>
<kw name="Set Variable" library="BuiltIn">
<var>${currentColInLoop}</var>
<arg>${col}</arg>
<doc>Returns the given values which can then be assigned to a variables.</doc>
<msg timestamp="20240102 14:50:33.650" level="INFO">${currentColInLoop} = 1</msg>
<status status="PASS" starttime="20240102 14:50:33.650" endtime="20240102 14:50:33.650"/>
</kw>
<kw name="Set Variable" library="BuiltIn">
<var>${cellLocator}</var>
<arg>css:tr:nth-child(${row}) td:nth-child(${col})</arg>
<doc>Returns the given values which can then be assigned to a variables.</doc>
<msg timestamp="20240102 14:50:33.650" level="INFO">${cellLocator} = css:tr:nth-child(1) td:nth-child(1)</msg>
<status status="PASS" starttime="20240102 14:50:33.650" endtime="20240102 14:50:33.650"/>
</kw>
<kw name="Get Text" library="SeleniumLibrary">
<var>${cellValue}</var>
<arg>${cellLocator}</arg>
<doc>Returns the text value of the element identified by ``locator``.</doc>
<msg timestamp="20240102 14:50:33.669" level="INFO">${cellValue} = 1</msg>
<status status="PASS" starttime="20240102 14:50:33.650" endtime="20240102 14:50:33.670"/>
</kw>
<if>
<branch type="IF" condition="'${cellValue}' == '${expectedValue}'">
<kw name="Append To List" library="Collections">
<arg>${result}</arg>
<arg>[${cellValue}, ${currentRow}, ${currentColInLoop}]</arg>
<doc>Adds ``values`` to the end of ``list``.</doc>
<status status="NOT RUN" starttime="20240102 14:50:33.670" endtime="20240102 14:50:33.670"/>
</kw>
<status status="NOT RUN" starttime="20240102 14:50:33.670" endtime="20240102 14:50:33.670"/>
</branch>
<status status="PASS" starttime="20240102 14:50:33.670" endtime="20240102 14:50:33.670"/>
</if>
<status status="PASS" starttime="20240102 14:50:33.649" endtime="20240102 14:50:33.670"/>
</iter>
<iter>
<var name="${col}">2</var>
<kw name="Set Variable" library="BuiltIn">
<var>${currentColInLoop}</var>
<arg>${col}</arg>
<doc>Returns the given values which can then be assigned to a variables.</doc>
<msg timestamp="20240102 14:50:33.670" level="INFO">${currentColInLoop} = 2</msg>
<status status="PASS" starttime="20240102 14:50:33.670" endtime="20240102 14:50:33.670"/>
</kw>
<kw name="Set Variable" library="BuiltIn">
<var>${cellLocator}</var>
<arg>css:tr:nth-child(${row}) td:nth-child(${col})</arg>
<doc>Returns the given values which can then be assigned to a variables.</doc>
<msg timestamp="20240102 14:50:33.671" level="INFO">${cellLocator} = css:tr:nth-child(1) td:nth-child(2)</msg>
<status status="PASS" starttime="20240102 14:50:33.670" endtime="20240102 14:50:33.671"/>
</kw>
<kw name="Get Text" library="SeleniumLibrary">
<var>${cellValue}</var>
<arg>${cellLocator}</arg>
<doc>Returns the text value of the element identified by ``locator``.</doc>
<msg timestamp="20240102 14:50:33.688" level="INFO">${cellValue} = Product 1</msg>
<status status="PASS" starttime="20240102 14:50:33.671" endtime="20240102 14:50:33.688"/>
</kw>
<if>
<branch type="IF" condition="'${cellValue}' == '${expectedValue}'">
<kw name="Append To List" library="Collections">
<arg>${result}</arg>
<arg>[${cellValue}, ${currentRow}, ${currentColInLoop}]</arg>
<doc>Adds ``values`` to the end of ``list``.</doc>
<status status="NOT RUN" starttime="20240102 14:50:33.689" endtime="20240102 14:50:33.689"/>
</kw>
<status status="NOT RUN" starttime="20240102 14:50:33.688" endtime="20240102 14:50:33.689"/>
</branch>
<status status="PASS" starttime="20240102 14:50:33.688" endtime="20240102 14:50:33.689"/>
</if>
<status status="PASS" starttime="20240102 14:50:33.670" endtime="20240102 14:50:33.689"/>
</iter>
<iter>
<var name="${col}">3</var>
<kw name="Set Variable" library="BuiltIn">
<var>${currentColInLoop}</var>
<arg>${col}</arg>
<doc>Returns the given values which can then be assigned to a variables.</doc>
<msg timestamp="20240102 14:50:33.689" level="INFO">${currentColInLoop} = 3</msg>
<status status="PASS" starttime="20240102 14:50:33.689" endtime="20240102 14:50:33.689"/>
</kw>
<kw name="Set Variable" library="BuiltIn">
<var>${cellLocator}</var>
<arg>css:tr:nth-child(${row}) td:nth-child(${col})</arg>
<doc>Returns the given values which can then be assigned to a variables.</doc>
<msg timestamp="20240102 14:50:33.689" level="INFO">${cellLocator} = css:tr:nth-child(1) td:nth-child(3)</msg>
<status status="PASS" starttime="20240102 14:50:33.689" endtime="20240102 14:50:33.689"/>
</kw>
<kw name="Get Text" library="SeleniumLibrary">
<var>${cellValue}</var>
<arg>${cellLocator}</arg>
<doc>Returns the text value of the element identified by ``locator``.</doc>
<msg timestamp="20240102 14:50:33.706" level="INFO">${cellValue} = $10.99</msg>
<status status="PASS" starttime="20240102 14:50:33.689" endtime="20240102 14:50:33.706"/>
</kw>
<if>
<branch type="IF" condition="'${cellValue}' == '${expectedValue}'">
<kw name="Append To List" library="Collections">
<arg>${result}</arg>
<arg>[${cellValue}, ${currentRow}, ${currentColInLoop}]</arg>
<doc>Adds ``values`` to the end of ``list``.</doc>
<status status="NOT RUN" starttime="20240102 14:50:33.708" endtime="20240102 14:50:33.708"/>
</kw>
<status status="NOT RUN" starttime="20240102 14:50:33.708" endtime="20240102 14:50:33.708"/>
</branch>
<status status="PASS" starttime="20240102 14:50:33.708" endtime="20240102 14:50:33.708"/>
</if>
<status status="PASS" starttime="20240102 14:50:33.689" endtime="20240102 14:50:33.708"/>
</iter>
<iter>
<var name="${col}">4</var>
<kw name="Set Variable" library="BuiltIn">
<var>${currentColInLoop}</var>
<arg>${col}</arg>
<doc>Returns the given values which can then be assigned to a variables.</doc>
<msg timestamp="20240102 14:50:33.708" level="INFO">${currentColInLoop} = 4</msg>
<status status="PASS" starttime="20240102 14:50:33.708" endtime="20240102 14:50:33.709"/>
</kw>
<kw name="Set Variable" library="BuiltIn">
<var>${cellLocator}</var>
<arg>css:tr:nth-child(${row}) td:nth-child(${col})</arg>
<doc>Returns the given values which can then be assigned to a variables.</doc>
<msg timestamp="20240102 14:50:33.709" level="INFO">${cellLocator} = css:tr:nth-child(1) td:nth-child(4)</msg>
<status status="PASS" starttime="20240102 14:50:33.709" endtime="20240102 14:50:33.709"/>
</kw>
<kw name="Get Text" library="SeleniumLibrary">
<var>${cellValue}</var>
<arg>${cellLocator}</arg>
<doc>Returns the text value of the element identified by ``locator``.</doc>
<msg timestamp="20240102 14:50:33.728" level="INFO">${cellValue} = </msg>
<status status="PASS" starttime="20240102 14:50:33.709" endtime="20240102 14:50:33.728"/>
</kw>
<if>
<branch type="IF" condition="'${cellValue}' == '${expectedValue}'">
<kw name="Append To List" library="Collections">
<arg>${result}</arg>
<arg>[${cellValue}, ${currentRow}, ${currentColInLoop}]</arg>
<doc>Adds ``values`` to the end of ``list``.</doc>
<status status="NOT RUN" starttime="20240102 14:50:33.729" endtime="20240102 14:50:33.729"/>
</kw>
<status status="NOT RUN" starttime="20240102 14:50:33.728" endtime="20240102 14:50:33.729"/>
</branch>
<status status="PASS" starttime="20240102 14:50:33.728" endtime="20240102 14:50:33.729"/>
</if>
<status status="PASS" starttime="20240102 14:50:33.708" endtime="20240102 14:50:33.729"/>
</iter>
<status status="PASS" starttime="20240102 14:50:33.649" endtime="20240102 14:50:33.729"/>
</for>
<status status="PASS" starttime="20240102 14:50:33.649" endtime="20240102 14:50:33.729"/>
</iter>
<iter>
<var name="${row}">2</var>
<kw name="Set Variable" library="BuiltIn">
<var>${currentRow}</var>
<arg>${row}</arg>
<doc>Returns the given values which can then be assigned to a variables.</doc>
<msg timestamp="20240102 14:50:33.729" level="INFO">${currentRow} = 2</msg>
<status status="PASS" starttime="20240102 14:50:33.729" endtime="20240102 14:50:33.729"/>
</kw>
<for flavor="IN RANGE">
<var>${col}</var>
<value>1</value>
<value>${colCount+1}</value>
<iter>
<var name="${col}">1</var>
<kw name="Set Variable" library="BuiltIn">
<var>${currentColInLoop}</var>
<arg>${col}</arg>
<doc>Returns the given values which can then be assigned to a variables.</doc>
<msg timestamp="20240102 14:50:33.730" level="INFO">${currentColInLoop} = 1</msg>
<status status="PASS" starttime="20240102 14:50:33.730" endtime="20240102 14:50:33.730"/>
</kw>
<kw name="Set Variable" library="BuiltIn">
<var>${cellLocator}</var>
<arg>css:tr:nth-child(${row}) td:nth-child(${col})</arg>
<doc>Returns the given values which can then be assigned to a variables.</doc>
<msg timestamp="20240102 14:50:33.730" level="INFO">${cellLocator} = css:tr:nth-child(2) td:nth-child(1)</msg>
<status status="PASS" starttime="20240102 14:50:33.730" endtime="20240102 14:50:33.730"/>
</kw>
<kw name="Get Text" library="SeleniumLibrary">
<var>${cellValue}</var>
<arg>${cellLocator}</arg>
<doc>Returns the text value of the element identified by ``locator``.</doc>
<msg timestamp="20240102 14:50:33.751" level="INFO">${cellValue} = Learn Selenium</msg>
<status status="PASS" starttime="20240102 14:50:33.730" endtime="20240102 14:50:33.751"/>
</kw>
<if>
<branch type="IF" condition="'${cellValue}' == '${expectedValue}'">
<kw name="Append To List" library="Collections">
<arg>${result}</arg>
<arg>[${cellValue}, ${currentRow}, ${currentColInLoop}]</arg>
<doc>Adds ``values`` to the end of ``list``.</doc>
<status status="NOT RUN" starttime="20240102 14:50:33.752" endtime="20240102 14:50:33.752"/>
</kw>
<status status="NOT RUN" starttime="20240102 14:50:33.751" endtime="20240102 14:50:33.752"/>
</branch>
<status status="PASS" starttime="20240102 14:50:33.751" endtime="20240102 14:50:33.752"/>
</if>
<status status="PASS" starttime="20240102 14:50:33.730" endtime="20240102 14:50:33.752"/>
</iter>
<iter>
<var name="${col}">2</var>
<kw name="Set Variable" library="BuiltIn">
<var>${currentColInLoop}</var>
<arg>${col}</arg>
<doc>Returns the given values which can then be assigned to a variables.</doc>
<msg timestamp="20240102 14:50:33.752" level="INFO">${currentColInLoop} = 2</msg>
<status status="PASS" starttime="20240102 14:50:33.752" endtime="20240102 14:50:33.752"/>
</kw>
<kw name="Set Variable" library="BuiltIn">
<var>${cellLocator}</var>
<arg>css:tr:nth-child(${row}) td:nth-child(${col})</arg>
<doc>Returns the given values which can then be assigned to a variables.</doc>
<msg timestamp="20240102 14:50:33.752" level="INFO">${cellLocator} = css:tr:nth-child(2) td:nth-child(2)</msg>
<status status="PASS" starttime="20240102 14:50:33.752" endtime="20240102 14:50:33.752"/>
</kw>
<kw name="Get Text" library="SeleniumLibrary">
<var>${cellValue}</var>
<arg>${cellLocator}</arg>
<doc>Returns the text value of the element identified by ``locator``.</doc>
<msg timestamp="20240102 14:50:33.776" level="INFO">${cellValue} = Amit</msg>
<status status="PASS" starttime="20240102 14:50:33.752" endtime="20240102 14:50:33.776"/>
</kw>
<if>
<branch type="IF" condition="'${cellValue}' == '${expectedValue}'">
<kw name="Append To List" library="Collections">
<arg>${result}</arg>
<arg>[${cellValue}, ${currentRow}, ${currentColInLoop}]</arg>
<doc>Adds ``values`` to the end of ``list``.</doc>
<status status="NOT RUN" starttime="20240102 14:50:33.776" endtime="20240102 14:50:33.776"/>
</kw>
<status status="NOT RUN" starttime="20240102 14:50:33.776" endtime="20240102 14:50:33.777"/>
</branch>
<status status="PASS" starttime="20240102 14:50:33.776" endtime="20240102 14:50:33.777"/>
</if>
<status status="PASS" starttime="20240102 14:50:33.752" endtime="20240102 14:50:33.777"/>
</iter>
<iter>
<var name="${col}">3</var>
<kw name="Set Variable" library="BuiltIn">
<var>${currentColInLoop}</var>
<arg>${col}</arg>
<doc>Returns the given values which can then be assigned to a variables.</doc>
<msg timestamp="20240102 14:50:33.777" level="INFO">${currentColInLoop} = 3</msg>
<status status="PASS" starttime="20240102 14:50:33.777" endtime="20240102 14:50:33.777"/>
</kw>
<kw name="Set Variable" library="BuiltIn">
<var>${cellLocator}</var>
<arg>css:tr:nth-child(${row}) td:nth-child(${col})</arg>
<doc>Returns the given values which can then be assigned to a variables.</doc>
<msg timestamp="20240102 14:50:33.777" level="INFO">${cellLocator} = css:tr:nth-child(2) td:nth-child(3)</msg>
<status status="PASS" starttime="20240102 14:50:33.777" endtime="20240102 14:50:33.777"/>
</kw>
<kw name="Get Text" library="SeleniumLibrary">
<var>${cellValue}</var>
<arg>${cellLocator}</arg>
<doc>Returns the text value of the element identified by ``locator``.</doc>
<msg timestamp="20240102 14:50:33.800" level="INFO">${cellValue} = Selenium</msg>
<status status="PASS" starttime="20240102 14:50:33.778" endtime="20240102 14:50:33.800"/>
</kw>
<if>
<branch type="IF" condition="'${cellValue}' == '${expectedValue}'">
<kw name="Append To List" library="Collections">
<arg>${result}</arg>
<arg>[${cellValue}, ${currentRow}, ${currentColInLoop}]</arg>
<doc>Adds ``values`` to the end of ``list``.</doc>
<status status="NOT RUN" starttime="20240102 14:50:33.801" endtime="20240102 14:50:33.801"/>
</kw>
<status status="NOT RUN" starttime="20240102 14:50:33.800" endtime="20240102 14:50:33.801"/>
</branch>
<status status="PASS" starttime="20240102 14:50:33.800" endtime="20240102 14:50:33.801"/>
</if>
<status status="PASS" starttime="20240102 14:50:33.777" endtime="20240102 14:50:33.801"/>
</iter>
<iter>
<var name="${col}">4</var>
<kw name="Set Variable" library="BuiltIn">
<var>${currentColInLoop}</var>
<arg>${col}</arg>
<doc>Returns the given values which can then be assigned to a variables.</doc>
<msg timestamp="20240102 14:50:33.801" level="INFO">${currentColInLoop} = 4</msg>
<status status="PASS" starttime="20240102 14:50:33.801" endtime="20240102 14:50:33.801"/>
</kw>
<kw name="Set Variable" library="BuiltIn">
<var>${cellLocator}</var>
<arg>css:tr:nth-child(${row}) td:nth-child(${col})</arg>
<doc>Returns the given values which can then be assigned to a variables.</doc>
<msg timestamp="20240102 14:50:33.801" level="INFO">${cellLocator} = css:tr:nth-child(2) td:nth-child(4)</msg>
<status status="PASS" starttime="20240102 14:50:33.801" endtime="20240102 14:50:33.801"/>
</kw>
<kw name="Get Text" library="SeleniumLibrary">
<var>${cellValue}</var>
<arg>${cellLocator}</arg>
<doc>Returns the text value of the element identified by ``locator``.</doc>
<msg timestamp="20240102 14:50:33.828" level="INFO">${cellValue} = 300</msg>
<status status="PASS" starttime="20240102 14:50:33.801" endtime="20240102 14:50:33.828"/>
</kw>
<if>
<branch type="IF" condition="'${cellValue}' == '${expectedValue}'">
<kw name="Append To List" library="Collections">
<arg>${result}</arg>
<arg>[${cellValue}, ${currentRow}, ${currentColInLoop}]</arg>
<doc>Adds ``values`` to the end of ``list``.</doc>
<status status="NOT RUN" starttime="20240102 14:50:33.828" endtime="20240102 14:50:33.828"/>
</kw>
<status status="NOT RUN" starttime="20240102 14:50:33.828" endtime="20240102 14:50:33.829"/>
</branch>
<status status="PASS" starttime="20240102 14:50:33.828" endtime="20240102 14:50:33.829"/>
</if>
<status status="PASS" starttime="20240102 14:50:33.801" endtime="20240102 14:50:33.829"/>
</iter>
<status status="PASS" starttime="20240102 14:50:33.729" endtime="20240102 14:50:33.829"/>
</for>
<status status="PASS" starttime="20240102 14:50:33.729" endtime="20240102 14:50:33.829"/>
</iter>
<iter>
<var name="${row}">3</var>
<kw name="Set Variable" library="BuiltIn">
<var>${currentRow}</var>
<arg>${row}</arg>
<doc>Returns the given values which can then be assigned to a variables.</doc>
<msg timestamp="20240102 14:50:33.829" level="INFO">${currentRow} = 3</msg>
<status status="PASS" starttime="20240102 14:50:33.829" endtime="20240102 14:50:33.829"/>
</kw>
<for flavor="IN RANGE">
<var>${col}</var>
<value>1</value>
<value>${colCount+1}</value>
<iter>
<var name="${col}">1</var>
<kw name="Set Variable" library="BuiltIn">
<var>${currentColInLoop}</var>
<arg>${col}</arg>
<doc>Returns the given values which can then be assigned to a variables.</doc>
<msg timestamp="20240102 14:50:33.830" level="INFO">${currentColInLoop} = 1</msg>
<status status="PASS" starttime="20240102 14:50:33.830" endtime="20240102 14:50:33.830"/>
</kw>
<kw name="Set Variable" library="BuiltIn">
<var>${cellLocator}</var>
<arg>css:tr:nth-child(${row}) td:nth-child(${col})</arg>
<doc>Returns the given values which can then be assigned to a variables.</doc>
<msg timestamp="20240102 14:50:33.831" level="INFO">${cellLocator} = css:tr:nth-child(3) td:nth-child(1)</msg>
<status status="PASS" starttime="20240102 14:50:33.831" endtime="20240102 14:50:33.831"/>
</kw>
<kw name="Get Text" library="SeleniumLibrary">
<var>${cellValue}</var>
<arg>${cellLocator}</arg>
<doc>Returns the text value of the element identified by ``locator``.</doc>
<msg timestamp="20240102 14:50:33.851" level="INFO">${cellValue} = Learn Java</msg>
<status status="PASS" starttime="20240102 14:50:33.831" endtime="20240102 14:50:33.851"/>
</kw>
<if>
<branch type="IF" condition="'${cellValue}' == '${expectedValue}'">
<kw name="Append To List" library="Collections">
<arg>${result}</arg>
<arg>[${cellValue}, ${currentRow}, ${currentColInLoop}]</arg>
<doc>Adds ``values`` to the end of ``list``.</doc>
<status status="NOT RUN" starttime="20240102 14:50:33.852" endtime="20240102 14:50:33.852"/>
</kw>
<status status="NOT RUN" starttime="20240102 14:50:33.852" endtime="20240102 14:50:33.852"/>
</branch>
<status status="PASS" starttime="20240102 14:50:33.851" endtime="20240102 14:50:33.852"/>
</if>
<status status="PASS" starttime="20240102 14:50:33.830" endtime="20240102 14:50:33.852"/>
</iter>
<iter>
<var name="${col}">2</var>
<kw name="Set Variable" library="BuiltIn">
<var>${currentColInLoop}</var>
<arg>${col}</arg>
<doc>Returns the given values which can then be assigned to a variables.</doc>
<msg timestamp="20240102 14:50:33.853" level="INFO">${currentColInLoop} = 2</msg>
<status status="PASS" starttime="20240102 14:50:33.852" endtime="20240102 14:50:33.853"/>
</kw>
<kw name="Set Variable" library="BuiltIn">
<var>${cellLocator}</var>
<arg>css:tr:nth-child(${row}) td:nth-child(${col})</arg>
<doc>Returns the given values which can then be assigned to a variables.</doc>
<msg timestamp="20240102 14:50:33.854" level="INFO">${cellLocator} = css:tr:nth-child(3) td:nth-child(2)</msg>
<status status="PASS" starttime="20240102 14:50:33.854" endtime="20240102 14:50:33.854"/>
</kw>
<kw name="Get Text" library="SeleniumLibrary">
<var>${cellValue}</var>
<arg>${cellLocator}</arg>
<doc>Returns the text value of the element identified by ``locator``.</doc>
<msg timestamp="20240102 14:50:33.874" level="INFO">${cellValue} = Mukesh</msg>
<status status="PASS" starttime="20240102 14:50:33.854" endtime="20240102 14:50:33.874"/>
</kw>
<if>
<branch type="IF" condition="'${cellValue}' == '${expectedValue}'">
<kw name="Append To List" library="Collections">
<arg>${result}</arg>
<arg>[${cellValue}, ${currentRow}, ${currentColInLoop}]</arg>
<doc>Adds ``values`` to the end of ``list``.</doc>
<status status="NOT RUN" starttime="20240102 14:50:33.874" endtime="20240102 14:50:33.874"/>
</kw>
<status status="NOT RUN" starttime="20240102 14:50:33.874" endtime="20240102 14:50:33.874"/>
</branch>
<status status="PASS" starttime="20240102 14:50:33.874" endtime="20240102 14:50:33.874"/>
</if>
<status status="PASS" starttime="20240102 14:50:33.852" endtime="20240102 14:50:33.874"/>
</iter>
<iter>
<var name="${col}">3</var>
<kw name="Set Variable" library="BuiltIn">
<var>${currentColInLoop}</var>
<arg>${col}</arg>
<doc>Returns the given values which can then be assigned to a variables.</doc>
<msg timestamp="20240102 14:50:33.875" level="INFO">${currentColInLoop} = 3</msg>
<status status="PASS" starttime="20240102 14:50:33.875" endtime="20240102 14:50:33.875"/>
</kw>
<kw name="Set Variable" library="BuiltIn">
<var>${cellLocator}</var>
<arg>css:tr:nth-child(${row}) td:nth-child(${col})</arg>
<doc>Returns the given values which can then be assigned to a variables.</doc>
<msg timestamp="20240102 14:50:33.875" level="INFO">${cellLocator} = css:tr:nth-child(3) td:nth-child(3)</msg>
<status status="PASS" starttime="20240102 14:50:33.875" endtime="20240102 14:50:33.876"/>
</kw>
<kw name="Get Text" library="SeleniumLibrary">
<var>${cellValue}</var>
<arg>${cellLocator}</arg>
<doc>Returns the text value of the element identified by ``locator``.</doc>
<msg timestamp="20240102 14:50:33.894" level="INFO">${cellValue} = Java</msg>
<status status="PASS" starttime="20240102 14:50:33.876" endtime="20240102 14:50:33.894"/>
</kw>
<if>
<branch type="IF" condition="'${cellValue}' == '${expectedValue}'">
<kw name="Append To List" library="Collections">
<arg>${result}</arg>
<arg>[${cellValue}, ${currentRow}, ${currentColInLoop}]</arg>
<doc>Adds ``values`` to the end of ``list``.</doc>
<status status="NOT RUN" starttime="20240102 14:50:33.894" endtime="20240102 14:50:33.894"/>
</kw>
<status status="NOT RUN" starttime="20240102 14:50:33.894" endtime="20240102 14:50:33.894"/>
</branch>
<status status="PASS" starttime="20240102 14:50:33.894" endtime="20240102 14:50:33.894"/>
</if>
<status status="PASS" starttime="20240102 14:50:33.875" endtime="20240102 14:50:33.894"/>
</iter>
<iter>
<var name="${col}">4</var>
<kw name="Set Variable" library="BuiltIn">
<var>${currentColInLoop}</var>
<arg>${col}</arg>
<doc>Returns the given values which can then be assigned to a variables.</doc>
<msg timestamp="20240102 14:50:33.896" level="INFO">${currentColInLoop} = 4</msg>
<status status="PASS" starttime="20240102 14:50:33.894" endtime="20240102 14:50:33.896"/>
</kw>
<kw name="Set Variable" library="BuiltIn">
<var>${cellLocator}</var>
<arg>css:tr:nth-child(${row}) td:nth-child(${col})</arg>
<doc>Returns the given values which can then be assigned to a variables.</doc>
<msg timestamp="20240102 14:50:33.896" level="INFO">${cellLocator} = css:tr:nth-child(3) td:nth-child(4)</msg>
<status status="PASS" starttime="20240102 14:50:33.896" endtime="20240102 14:50:33.896"/>
</kw>
<kw name="Get Text" library="SeleniumLibrary">
<var>${cellValue}</var>
<arg>${cellLocator}</arg>
<doc>Returns the text value of the element identified by ``locator``.</doc>
<msg timestamp="20240102 14:50:33.917" level="INFO">${cellValue} = 500</msg>
<status status="PASS" starttime="20240102 14:50:33.896" endtime="20240102 14:50:33.917"/>
</kw>
<if>
<branch type="IF" condition="'${cellValue}' == '${expectedValue}'">
<kw name="Append To List" library="Collections">
<arg>${result}</arg>
<arg>[${cellValue}, ${currentRow}, ${currentColInLoop}]</arg>
<doc>Adds ``values`` to the end of ``list``.</doc>
<status status="NOT RUN" starttime="20240102 14:50:33.917" endtime="20240102 14:50:33.917"/>
</kw>
<status status="NOT RUN" starttime="20240102 14:50:33.917" endtime="20240102 14:50:33.917"/>
</branch>
<status status="PASS" starttime="20240102 14:50:33.917" endtime="20240102 14:50:33.917"/>
</if>
<status status="PASS" starttime="20240102 14:50:33.894" endtime="20240102 14:50:33.917"/>
</iter>
<status status="PASS" starttime="20240102 14:50:33.829" endtime="20240102 14:50:33.917"/>
</for>
<status status="PASS" starttime="20240102 14:50:33.829" endtime="20240102 14:50:33.917"/>
</iter>
<iter>
<var name="${row}">4</var>
<kw name="Set Variable" library="BuiltIn">
<var>${currentRow}</var>
<arg>${row}</arg>
<doc>Returns the given values which can then be assigned to a variables.</doc>
<msg timestamp="20240102 14:50:33.918" level="INFO">${currentRow} = 4</msg>
<status status="PASS" starttime="20240102 14:50:33.918" endtime="20240102 14:50:33.918"/>
</kw>
<for flavor="IN RANGE">
<var>${col}</var>
<value>1</value>
<value>${colCount+1}</value>
<iter>
<var name="${col}">1</var>
<kw name="Set Variable" library="BuiltIn">
<var>${currentColInLoop}</var>
<arg>${col}</arg>
<doc>Returns the given values which can then be assigned to a variables.</doc>
<msg timestamp="20240102 14:50:33.919" level="INFO">${currentColInLoop} = 1</msg>
<status status="PASS" starttime="20240102 14:50:33.919" endtime="20240102 14:50:33.919"/>
</kw>
<kw name="Set Variable" library="BuiltIn">
<var>${cellLocator}</var>
<arg>css:tr:nth-child(${row}) td:nth-child(${col})</arg>
<doc>Returns the given values which can then be assigned to a variables.</doc>
<msg timestamp="20240102 14:50:33.919" level="INFO">${cellLocator} = css:tr:nth-child(4) td:nth-child(1)</msg>
<status status="PASS" starttime="20240102 14:50:33.919" endtime="20240102 14:50:33.919"/>
</kw>
<kw name="Get Text" library="SeleniumLibrary">
<var>${cellValue}</var>
<arg>${cellLocator}</arg>
<doc>Returns the text value of the element identified by ``locator``.</doc>
<msg timestamp="20240102 14:50:33.936" level="INFO">${cellValue} = Learn JS</msg>
<status status="PASS" starttime="20240102 14:50:33.919" endtime="20240102 14:50:33.936"/>
</kw>
<if>
<branch type="IF" condition="'${cellValue}' == '${expectedValue}'">
<kw name="Append To List" library="Collections">
<arg>${result}</arg>
<arg>[${cellValue}, ${currentRow}, ${currentColInLoop}]</arg>
<doc>Adds ``values`` to the end of ``list``.</doc>
<status status="NOT RUN" starttime="20240102 14:50:33.936" endtime="20240102 14:50:33.936"/>
</kw>
<status status="NOT RUN" starttime="20240102 14:50:33.936" endtime="20240102 14:50:33.936"/>
</branch>
<status status="PASS" starttime="20240102 14:50:33.936" endtime="20240102 14:50:33.936"/>
</if>
<status status="PASS" starttime="20240102 14:50:33.919" endtime="20240102 14:50:33.936"/>
</iter>
<iter>
<var name="${col}">2</var>
<kw name="Set Variable" library="BuiltIn">
<var>${currentColInLoop}</var>
<arg>${col}</arg>
<doc>Returns the given values which can then be assigned to a variables.</doc>
<msg timestamp="20240102 14:50:33.937" level="INFO">${currentColInLoop} = 2</msg>
<status status="PASS" starttime="20240102 14:50:33.936" endtime="20240102 14:50:33.937"/>
</kw>
<kw name="Set Variable" library="BuiltIn">
<var>${cellLocator}</var>
<arg>css:tr:nth-child(${row}) td:nth-child(${col})</arg>
<doc>Returns the given values which can then be assigned to a variables.</doc>
<msg timestamp="20240102 14:50:33.937" level="INFO">${cellLocator} = css:tr:nth-child(4) td:nth-child(2)</msg>
<status status="PASS" starttime="20240102 14:50:33.937" endtime="20240102 14:50:33.937"/>
</kw>
<kw name="Get Text" library="SeleniumLibrary">
<var>${cellValue}</var>
<arg>${cellLocator}</arg>
<doc>Returns the text value of the element identified by ``locator``.</doc>
<msg timestamp="20240102 14:50:33.953" level="INFO">${cellValue} = Animesh</msg>
<status status="PASS" starttime="20240102 14:50:33.937" endtime="20240102 14:50:33.953"/>
</kw>
<if>
<branch type="IF" condition="'${cellValue}' == '${expectedValue}'">
<kw name="Append To List" library="Collections">
<arg>${result}</arg>
<arg>[${cellValue}, ${currentRow}, ${currentColInLoop}]</arg>
<doc>Adds ``values`` to the end of ``list``.</doc>
<status status="NOT RUN" starttime="20240102 14:50:33.953" endtime="20240102 14:50:33.953"/>
</kw>
<status status="NOT RUN" starttime="20240102 14:50:33.953" endtime="20240102 14:50:33.953"/>
</branch>
<status status="PASS" starttime="20240102 14:50:33.953" endtime="20240102 14:50:33.953"/>
</if>
<status status="PASS" starttime="20240102 14:50:33.936" endtime="20240102 14:50:33.953"/>
</iter>
<iter>
<var name="${col}">3</var>
<kw name="Set Variable" library="BuiltIn">
<var>${currentColInLoop}</var>
<arg>${col}</arg>
<doc>Returns the given values which can then be assigned to a variables.</doc>
<msg timestamp="20240102 14:50:33.953" level="INFO">${currentColInLoop} = 3</msg>
<status status="PASS" starttime="20240102 14:50:33.953" endtime="20240102 14:50:33.953"/>
</kw>
<kw name="Set Variable" library="BuiltIn">
<var>${cellLocator}</var>
<arg>css:tr:nth-child(${row}) td:nth-child(${col})</arg>
<doc>Returns the given values which can then be assigned to a variables.</doc>
<msg timestamp="20240102 14:50:33.954" level="INFO">${cellLocator} = css:tr:nth-child(4) td:nth-child(3)</msg>
<status status="PASS" starttime="20240102 14:50:33.953" endtime="20240102 14:50:33.954"/>
</kw>
<kw name="Get Text" library="SeleniumLibrary">
<var>${cellValue}</var>
<arg>${cellLocator}</arg>
<doc>Returns the text value of the element identified by ``locator``.</doc>
<msg timestamp="20240102 14:50:33.970" level="INFO">${cellValue} = Javascript</msg>
<status status="PASS" starttime="20240102 14:50:33.954" endtime="20240102 14:50:33.970"/>
</kw>
<if>
<branch type="IF" condition="'${cellValue}' == '${expectedValue}'">
<kw name="Append To List" library="Collections">
<arg>${result}</arg>
<arg>[${cellValue}, ${currentRow}, ${currentColInLoop}]</arg>
<doc>Adds ``values`` to the end of ``list``.</doc>
<status status="PASS" starttime="20240102 14:50:33.970" endtime="20240102 14:50:33.970"/>
</kw>
<status status="PASS" starttime="20240102 14:50:33.970" endtime="20240102 14:50:33.971"/>
</branch>
<status status="PASS" starttime="20240102 14:50:33.970" endtime="20240102 14:50:33.971"/>
</if>
<status status="PASS" starttime="20240102 14:50:33.953" endtime="20240102 14:50:33.971"/>
</iter>
<iter>
<var name="${col}">4</var>
<kw name="Set Variable" library="BuiltIn">
<var>${currentColInLoop}</var>
<arg>${col}</arg>
<doc>Returns the given values which can then be assigned to a variables.</doc>
<msg timestamp="20240102 14:50:33.971" level="INFO">${currentColInLoop} = 4</msg>
<status status="PASS" starttime="20240102 14:50:33.971" endtime="20240102 14:50:33.971"/>
</kw>
<kw name="Set Variable" library="BuiltIn">
<var>${cellLocator}</var>
<arg>css:tr:nth-child(${row}) td:nth-child(${col})</arg>
<doc>Returns the given values which can then be assigned to a variables.</doc>
<msg timestamp="20240102 14:50:33.972" level="INFO">${cellLocator} = css:tr:nth-child(4) td:nth-child(4)</msg>
<status status="PASS" starttime="20240102 14:50:33.971" endtime="20240102 14:50:33.972"/>
</kw>
<kw name="Get Text" library="SeleniumLibrary">
<var>${cellValue}</var>
<arg>${cellLocator}</arg>
<doc>Returns the text value of the element identified by ``locator``.</doc>
<msg timestamp="20240102 14:50:33.988" level="INFO">${cellValue} = 300</msg>
<status status="PASS" starttime="20240102 14:50:33.972" endtime="20240102 14:50:33.988"/>
</kw>
<if>
<branch type="IF" condition="'${cellValue}' == '${expectedValue}'">
<kw name="Append To List" library="Collections">
<arg>${result}</arg>
<arg>[${cellValue}, ${currentRow}, ${currentColInLoop}]</arg>
<doc>Adds ``values`` to the end of ``list``.</doc>
<status status="NOT RUN" starttime="20240102 14:50:33.989" endtime="20240102 14:50:33.989"/>
</kw>
<status status="NOT RUN" starttime="20240102 14:50:33.989" endtime="20240102 14:50:33.989"/>
</branch>
<status status="PASS" starttime="20240102 14:50:33.989" endtime="20240102 14:50:33.989"/>
</if>
<status status="PASS" starttime="20240102 14:50:33.971" endtime="20240102 14:50:33.989"/>
</iter>
<status status="PASS" starttime="20240102 14:50:33.918" endtime="20240102 14:50:33.989"/>
</for>
<status status="PASS" starttime="20240102 14:50:33.918" endtime="20240102 14:50:33.989"/>
</iter>
<iter>
<var name="${row}">5</var>
<kw name="Set Variable" library="BuiltIn">
<var>${currentRow}</var>
<arg>${row}</arg>
<doc>Returns the given values which can then be assigned to a variables.</doc>
<msg timestamp="20240102 14:50:33.989" level="INFO">${currentRow} = 5</msg>
<status status="PASS" starttime="20240102 14:50:33.989" endtime="20240102 14:50:33.989"/>
</kw>
<for flavor="IN RANGE">
<var>${col}</var>
<value>1</value>
<value>${colCount+1}</value>
<iter>
<var name="${col}">1</var>
<kw name="Set Variable" library="BuiltIn">
<var>${currentColInLoop}</var>
<arg>${col}</arg>
<doc>Returns the given values which can then be assigned to a variables.</doc>
<msg timestamp="20240102 14:50:33.991" level="INFO">${currentColInLoop} = 1</msg>
<status status="PASS" starttime="20240102 14:50:33.990" endtime="20240102 14:50:33.991"/>
</kw>
<kw name="Set Variable" library="BuiltIn">
<var>${cellLocator}</var>
<arg>css:tr:nth-child(${row}) td:nth-child(${col})</arg>
<doc>Returns the given values which can then be assigned to a variables.</doc>
<msg timestamp="20240102 14:50:33.991" level="INFO">${cellLocator} = css:tr:nth-child(5) td:nth-child(1)</msg>
<status status="PASS" starttime="20240102 14:50:33.991" endtime="20240102 14:50:33.991"/>
</kw>
<kw name="Get Text" library="SeleniumLibrary">
<var>${cellValue}</var>
<arg>${cellLocator}</arg>
<doc>Returns the text value of the element identified by ``locator``.</doc>
<msg timestamp="20240102 14:50:34.010" level="INFO">${cellValue} = Master In Selenium</msg>
<status status="PASS" starttime="20240102 14:50:33.991" endtime="20240102 14:50:34.010"/>
</kw>
<if>
<branch type="IF" condition="'${cellValue}' == '${expectedValue}'">
<kw name="Append To List" library="Collections">
<arg>${result}</arg>
<arg>[${cellValue}, ${currentRow}, ${currentColInLoop}]</arg>
<doc>Adds ``values`` to the end of ``list``.</doc>
<status status="NOT RUN" starttime="20240102 14:50:34.010" endtime="20240102 14:50:34.010"/>
</kw>
<status status="NOT RUN" starttime="20240102 14:50:34.010" endtime="20240102 14:50:34.010"/>
</branch>
<status status="PASS" starttime="20240102 14:50:34.010" endtime="20240102 14:50:34.010"/>
</if>
<status status="PASS" starttime="20240102 14:50:33.990" endtime="20240102 14:50:34.010"/>
</iter>
<iter>
<var name="${col}">2</var>
<kw name="Set Variable" library="BuiltIn">
<var>${currentColInLoop}</var>
<arg>${col}</arg>
<doc>Returns the given values which can then be assigned to a variables.</doc>
<msg timestamp="20240102 14:50:34.010" level="INFO">${currentColInLoop} = 2</msg>
<status status="PASS" starttime="20240102 14:50:34.010" endtime="20240102 14:50:34.010"/>
</kw>
<kw name="Set Variable" library="BuiltIn">
<var>${cellLocator}</var>
<arg>css:tr:nth-child(${row}) td:nth-child(${col})</arg>
<doc>Returns the given values which can then be assigned to a variables.</doc>
<msg timestamp="20240102 14:50:34.011" level="INFO">${cellLocator} = css:tr:nth-child(5) td:nth-child(2)</msg>
<status status="PASS" starttime="20240102 14:50:34.011" endtime="20240102 14:50:34.011"/>
</kw>
<kw name="Get Text" library="SeleniumLibrary">
<var>${cellValue}</var>
<arg>${cellLocator}</arg>
<doc>Returns the text value of the element identified by ``locator``.</doc>
<msg timestamp="20240102 14:50:34.030" level="INFO">${cellValue} = Mukesh</msg>
<status status="PASS" starttime="20240102 14:50:34.011" endtime="20240102 14:50:34.030"/>
</kw>
<if>
<branch type="IF" condition="'${cellValue}' == '${expectedValue}'">
<kw name="Append To List" library="Collections">
<arg>${result}</arg>
<arg>[${cellValue}, ${currentRow}, ${currentColInLoop}]</arg>
<doc>Adds ``values`` to the end of ``list``.</doc>
<status status="NOT RUN" starttime="20240102 14:50:34.030" endtime="20240102 14:50:34.030"/>
</kw>
<status status="NOT RUN" starttime="20240102 14:50:34.030" endtime="20240102 14:50:34.030"/>
</branch>
<status status="PASS" starttime="20240102 14:50:34.030" endtime="20240102 14:50:34.030"/>
</if>
<status status="PASS" starttime="20240102 14:50:34.010" endtime="20240102 14:50:34.030"/>
</iter>
<iter>
<var name="${col}">3</var>
<kw name="Set Variable" library="BuiltIn">
<var>${currentColInLoop}</var>
<arg>${col}</arg>
<doc>Returns the given values which can then be assigned to a variables.</doc>
<msg timestamp="20240102 14:50:34.030" level="INFO">${currentColInLoop} = 3</msg>
<status status="PASS" starttime="20240102 14:50:34.030" endtime="20240102 14:50:34.030"/>
</kw>
<kw name="Set Variable" library="BuiltIn">
<var>${cellLocator}</var>
<arg>css:tr:nth-child(${row}) td:nth-child(${col})</arg>
<doc>Returns the given values which can then be assigned to a variables.</doc>
<msg timestamp="20240102 14:50:34.031" level="INFO">${cellLocator} = css:tr:nth-child(5) td:nth-child(3)</msg>
<status status="PASS" starttime="20240102 14:50:34.030" endtime="20240102 14:50:34.031"/>
</kw>
<kw name="Get Text" library="SeleniumLibrary">
<var>${cellValue}</var>
<arg>${cellLocator}</arg>
<doc>Returns the text value of the element identified by ``locator``.</doc>
<msg timestamp="20240102 14:50:34.050" level="INFO">${cellValue} = Selenium</msg>
<status status="PASS" starttime="20240102 14:50:34.031" endtime="20240102 14:50:34.051"/>
</kw>
<if>
<branch type="IF" condition="'${cellValue}' == '${expectedValue}'">
<kw name="Append To List" library="Collections">
<arg>${result}</arg>
<arg>[${cellValue}, ${currentRow}, ${currentColInLoop}]</arg>
<doc>Adds ``values`` to the end of ``list``.</doc>
<status status="NOT RUN" starttime="20240102 14:50:34.051" endtime="20240102 14:50:34.051"/>
</kw>
<status status="NOT RUN" starttime="20240102 14:50:34.051" endtime="20240102 14:50:34.051"/>
</branch>
<status status="PASS" starttime="20240102 14:50:34.051" endtime="20240102 14:50:34.051"/>
</if>
<status status="PASS" starttime="20240102 14:50:34.030" endtime="20240102 14:50:34.051"/>
</iter>
<iter>
<var name="${col}">4</var>
<kw name="Set Variable" library="BuiltIn">
<var>${currentColInLoop}</var>
<arg>${col}</arg>
<doc>Returns the given values which can then be assigned to a variables.</doc>
<msg timestamp="20240102 14:50:34.053" level="INFO">${currentColInLoop} = 4</msg>
<status status="PASS" starttime="20240102 14:50:34.051" endtime="20240102 14:50:34.053"/>
</kw>
<kw name="Set Variable" library="BuiltIn">
<var>${cellLocator}</var>
<arg>css:tr:nth-child(${row}) td:nth-child(${col})</arg>
<doc>Returns the given values which can then be assigned to a variables.</doc>
<msg timestamp="20240102 14:50:34.053" level="INFO">${cellLocator} = css:tr:nth-child(5) td:nth-child(4)</msg>
<status status="PASS" starttime="20240102 14:50:34.053" endtime="20240102 14:50:34.053"/>
</kw>
<kw name="Get Text" library="SeleniumLibrary">
<var>${cellValue}</var>
<arg>${cellLocator}</arg>
<doc>Returns the text value of the element identified by ``locator``.</doc>
<msg timestamp="20240102 14:50:34.074" level="INFO">${cellValue} = 3000</msg>
<status status="PASS" starttime="20240102 14:50:34.053" endtime="20240102 14:50:34.074"/>
</kw>
<if>
<branch type="IF" condition="'${cellValue}' == '${expectedValue}'">
<kw name="Append To List" library="Collections">
<arg>${result}</arg>
<arg>[${cellValue}, ${currentRow}, ${currentColInLoop}]</arg>
<doc>Adds ``values`` to the end of ``list``.</doc>
<status status="NOT RUN" starttime="20240102 14:50:34.075" endtime="20240102 14:50:34.075"/>
</kw>
<status status="NOT RUN" starttime="20240102 14:50:34.074" endtime="20240102 14:50:34.075"/>
</branch>
<status status="PASS" starttime="20240102 14:50:34.074" endtime="20240102 14:50:34.075"/>
</if>
<status status="PASS" starttime="20240102 14:50:34.051" endtime="20240102 14:50:34.075"/>
</iter>
<status status="PASS" starttime="20240102 14:50:33.990" endtime="20240102 14:50:34.075"/>
</for>
<status status="PASS" starttime="20240102 14:50:33.989" endtime="20240102 14:50:34.075"/>
</iter>
<iter>
<var name="${row}">6</var>
<kw name="Set Variable" library="BuiltIn">
<var>${currentRow}</var>
<arg>${row}</arg>
<doc>Returns the given values which can then be assigned to a variables.</doc>
<msg timestamp="20240102 14:50:34.075" level="INFO">${currentRow} = 6</msg>
<status status="PASS" starttime="20240102 14:50:34.075" endtime="20240102 14:50:34.075"/>
</kw>
<for flavor="IN RANGE">
<var>${col}</var>
<value>1</value>
<value>${colCount+1}</value>
<iter>
<var name="${col}">1</var>
<kw name="Set Variable" library="BuiltIn">
<var>${currentColInLoop}</var>
<arg>${col}</arg>
<doc>Returns the given values which can then be assigned to a variables.</doc>
<msg timestamp="20240102 14:50:34.076" level="INFO">${currentColInLoop} = 1</msg>
<status status="PASS" starttime="20240102 14:50:34.076" endtime="20240102 14:50:34.076"/>
</kw>
<kw name="Set Variable" library="BuiltIn">
<var>${cellLocator}</var>
<arg>css:tr:nth-child(${row}) td:nth-child(${col})</arg>
<doc>Returns the given values which can then be assigned to a variables.</doc>
<msg timestamp="20240102 14:50:34.077" level="INFO">${cellLocator} = css:tr:nth-child(6) td:nth-child(1)</msg>
<status status="PASS" starttime="20240102 14:50:34.077" endtime="20240102 14:50:34.077"/>
</kw>
<kw name="Get Text" library="SeleniumLibrary">
<var>${cellValue}</var>
<arg>${cellLocator}</arg>
<doc>Returns the text value of the element identified by ``locator``.</doc>
<msg timestamp="20240102 14:50:34.102" level="INFO">${cellValue} = Master In Java</msg>
<status status="PASS" starttime="20240102 14:50:34.077" endtime="20240102 14:50:34.102"/>
</kw>
<if>
<branch type="IF" condition="'${cellValue}' == '${expectedValue}'">
<kw name="Append To List" library="Collections">
<arg>${result}</arg>
<arg>[${cellValue}, ${currentRow}, ${currentColInLoop}]</arg>
<doc>Adds ``values`` to the end of ``list``.</doc>
<status status="NOT RUN" starttime="20240102 14:50:34.102" endtime="20240102 14:50:34.102"/>
</kw>
<status status="NOT RUN" starttime="20240102 14:50:34.102" endtime="20240102 14:50:34.102"/>
</branch>
<status status="PASS" starttime="20240102 14:50:34.102" endtime="20240102 14:50:34.102"/>
</if>
<status status="PASS" starttime="20240102 14:50:34.076" endtime="20240102 14:50:34.102"/>
</iter>
<iter>
<var name="${col}">2</var>
<kw name="Set Variable" library="BuiltIn">
<var>${currentColInLoop}</var>
<arg>${col}</arg>
<doc>Returns the given values which can then be assigned to a variables.</doc>
<msg timestamp="20240102 14:50:34.102" level="INFO">${currentColInLoop} = 2</msg>
<status status="PASS" starttime="20240102 14:50:34.102" endtime="20240102 14:50:34.102"/>
</kw>
<kw name="Set Variable" library="BuiltIn">
<var>${cellLocator}</var>
<arg>css:tr:nth-child(${row}) td:nth-child(${col})</arg>
<doc>Returns the given values which can then be assigned to a variables.</doc>
<msg timestamp="20240102 14:50:34.102" level="INFO">${cellLocator} = css:tr:nth-child(6) td:nth-child(2)</msg>
<status status="PASS" starttime="20240102 14:50:34.102" endtime="20240102 14:50:34.102"/>
</kw>
<kw name="Get Text" library="SeleniumLibrary">
<var>${cellValue}</var>
<arg>${cellLocator}</arg>
<doc>Returns the text value of the element identified by ``locator``.</doc>
<msg timestamp="20240102 14:50:34.121" level="INFO">${cellValue} = Amod</msg>
<status status="PASS" starttime="20240102 14:50:34.103" endtime="20240102 14:50:34.121"/>
</kw>
<if>
<branch type="IF" condition="'${cellValue}' == '${expectedValue}'">
<kw name="Append To List" library="Collections">
<arg>${result}</arg>
<arg>[${cellValue}, ${currentRow}, ${currentColInLoop}]</arg>
<doc>Adds ``values`` to the end of ``list``.</doc>
<status status="NOT RUN" starttime="20240102 14:50:34.121" endtime="20240102 14:50:34.121"/>
</kw>
<status status="NOT RUN" starttime="20240102 14:50:34.121" endtime="20240102 14:50:34.121"/>
</branch>
<status status="PASS" starttime="20240102 14:50:34.121" endtime="20240102 14:50:34.122"/>
</if>
<status status="PASS" starttime="20240102 14:50:34.102" endtime="20240102 14:50:34.122"/>
</iter>
<iter>
<var name="${col}">3</var>
<kw name="Set Variable" library="BuiltIn">
<var>${currentColInLoop}</var>
<arg>${col}</arg>
<doc>Returns the given values which can then be assigned to a variables.</doc>
<msg timestamp="20240102 14:50:34.122" level="INFO">${currentColInLoop} = 3</msg>
<status status="PASS" starttime="20240102 14:50:34.122" endtime="20240102 14:50:34.122"/>
</kw>
<kw name="Set Variable" library="BuiltIn">
<var>${cellLocator}</var>
<arg>css:tr:nth-child(${row}) td:nth-child(${col})</arg>
<doc>Returns the given values which can then be assigned to a variables.</doc>
<msg timestamp="20240102 14:50:34.122" level="INFO">${cellLocator} = css:tr:nth-child(6) td:nth-child(3)</msg>
<status status="PASS" starttime="20240102 14:50:34.122" endtime="20240102 14:50:34.122"/>
</kw>
<kw name="Get Text" library="SeleniumLibrary">
<var>${cellValue}</var>
<arg>${cellLocator}</arg>
<doc>Returns the text value of the element identified by ``locator``.</doc>
<msg timestamp="20240102 14:50:34.143" level="INFO">${cellValue} = JAVA</msg>
<status status="PASS" starttime="20240102 14:50:34.122" endtime="20240102 14:50:34.143"/>
</kw>
<if>
<branch type="IF" condition="'${cellValue}' == '${expectedValue}'">
<kw name="Append To List" library="Collections">
<arg>${result}</arg>
<arg>[${cellValue}, ${currentRow}, ${currentColInLoop}]</arg>
<doc>Adds ``values`` to the end of ``list``.</doc>
<status status="NOT RUN" starttime="20240102 14:50:34.144" endtime="20240102 14:50:34.144"/>
</kw>
<status status="NOT RUN" starttime="20240102 14:50:34.144" endtime="20240102 14:50:34.144"/>
</branch>
<status status="PASS" starttime="20240102 14:50:34.144" endtime="20240102 14:50:34.144"/>
</if>
<status status="PASS" starttime="20240102 14:50:34.122" endtime="20240102 14:50:34.144"/>
</iter>
<iter>
<var name="${col}">4</var>
<kw name="Set Variable" library="BuiltIn">
<var>${currentColInLoop}</var>
<arg>${col}</arg>
<doc>Returns the given values which can then be assigned to a variables.</doc>
<msg timestamp="20240102 14:50:34.145" level="INFO">${currentColInLoop} = 4</msg>
<status status="PASS" starttime="20240102 14:50:34.144" endtime="20240102 14:50:34.145"/>
</kw>
<kw name="Set Variable" library="BuiltIn">
<var>${cellLocator}</var>
<arg>css:tr:nth-child(${row}) td:nth-child(${col})</arg>
<doc>Returns the given values which can then be assigned to a variables.</doc>
<msg timestamp="20240102 14:50:34.145" level="INFO">${cellLocator} = css:tr:nth-child(6) td:nth-child(4)</msg>
<status status="PASS" starttime="20240102 14:50:34.145" endtime="20240102 14:50:34.145"/>
</kw>
<kw name="Get Text" library="SeleniumLibrary">
<var>${cellValue}</var>
<arg>${cellLocator}</arg>
<doc>Returns the text value of the element identified by ``locator``.</doc>
<msg timestamp="20240102 14:50:34.167" level="INFO">${cellValue} = 2000</msg>
<status status="PASS" starttime="20240102 14:50:34.145" endtime="20240102 14:50:34.167"/>
</kw>
<if>
<branch type="IF" condition="'${cellValue}' == '${expectedValue}'">
<kw name="Append To List" library="Collections">
<arg>${result}</arg>
<arg>[${cellValue}, ${currentRow}, ${currentColInLoop}]</arg>
<doc>Adds ``values`` to the end of ``list``.</doc>
<status status="NOT RUN" starttime="20240102 14:50:34.167" endtime="20240102 14:50:34.167"/>
</kw>
<status status="NOT RUN" starttime="20240102 14:50:34.167" endtime="20240102 14:50:34.167"/>
</branch>
<status status="PASS" starttime="20240102 14:50:34.167" endtime="20240102 14:50:34.167"/>
</if>
<status status="PASS" starttime="20240102 14:50:34.144" endtime="20240102 14:50:34.167"/>
</iter>
<status status="PASS" starttime="20240102 14:50:34.075" endtime="20240102 14:50:34.167"/>
</for>
<status status="PASS" starttime="20240102 14:50:34.075" endtime="20240102 14:50:34.169"/>
</iter>
<iter>
<var name="${row}">7</var>
<kw name="Set Variable" library="BuiltIn">
<var>${currentRow}</var>
<arg>${row}</arg>
<doc>Returns the given values which can then be assigned to a variables.</doc>
<msg timestamp="20240102 14:50:34.169" level="INFO">${currentRow} = 7</msg>
<status status="PASS" starttime="20240102 14:50:34.169" endtime="20240102 14:50:34.169"/>
</kw>
<for flavor="IN RANGE">
<var>${col}</var>
<value>1</value>
<value>${colCount+1}</value>
<iter>
<var name="${col}">1</var>
<kw name="Set Variable" library="BuiltIn">
<var>${currentColInLoop}</var>
<arg>${col}</arg>
<doc>Returns the given values which can then be assigned to a variables.</doc>
<msg timestamp="20240102 14:50:34.170" level="INFO">${currentColInLoop} = 1</msg>
<status status="PASS" starttime="20240102 14:50:34.170" endtime="20240102 14:50:34.170"/>
</kw>
<kw name="Set Variable" library="BuiltIn">
<var>${cellLocator}</var>
<arg>css:tr:nth-child(${row}) td:nth-child(${col})</arg>
<doc>Returns the given values which can then be assigned to a variables.</doc>
<msg timestamp="20240102 14:50:34.170" level="INFO">${cellLocator} = css:tr:nth-child(7) td:nth-child(1)</msg>
<status status="PASS" starttime="20240102 14:50:34.170" endtime="20240102 14:50:34.170"/>
</kw>
<kw name="Get Text" library="SeleniumLibrary">
<var>${cellValue}</var>
<arg>${cellLocator}</arg>
<doc>Returns the text value of the element identified by ``locator``.</doc>
<msg timestamp="20240102 14:50:34.198" level="INFO">${cellValue} = Master In JS</msg>
<status status="PASS" starttime="20240102 14:50:34.170" endtime="20240102 14:50:34.198"/>
</kw>
<if>
<branch type="IF" condition="'${cellValue}' == '${expectedValue}'">
<kw name="Append To List" library="Collections">
<arg>${result}</arg>
<arg>[${cellValue}, ${currentRow}, ${currentColInLoop}]</arg>
<doc>Adds ``values`` to the end of ``list``.</doc>
<status status="NOT RUN" starttime="20240102 14:50:34.199" endtime="20240102 14:50:34.199"/>
</kw>
<status status="NOT RUN" starttime="20240102 14:50:34.198" endtime="20240102 14:50:34.199"/>
</branch>
<status status="PASS" starttime="20240102 14:50:34.198" endtime="20240102 14:50:34.199"/>
</if>
<status status="PASS" starttime="20240102 14:50:34.169" endtime="20240102 14:50:34.199"/>
</iter>
<iter>
<var name="${col}">2</var>
<kw name="Set Variable" library="BuiltIn">
<var>${currentColInLoop}</var>
<arg>${col}</arg>
<doc>Returns the given values which can then be assigned to a variables.</doc>
<msg timestamp="20240102 14:50:34.200" level="INFO">${currentColInLoop} = 2</msg>
<status status="PASS" starttime="20240102 14:50:34.200" endtime="20240102 14:50:34.200"/>
</kw>
<kw name="Set Variable" library="BuiltIn">
<var>${cellLocator}</var>
<arg>css:tr:nth-child(${row}) td:nth-child(${col})</arg>
<doc>Returns the given values which can then be assigned to a variables.</doc>
<msg timestamp="20240102 14:50:34.200" level="INFO">${cellLocator} = css:tr:nth-child(7) td:nth-child(2)</msg>
<status status="PASS" starttime="20240102 14:50:34.200" endtime="20240102 14:50:34.200"/>
</kw>
<kw name="Get Text" library="SeleniumLibrary">
<var>${cellValue}</var>
<arg>${cellLocator}</arg>
<doc>Returns the text value of the element identified by ``locator``.</doc>
<msg timestamp="20240102 14:50:34.220" level="INFO">${cellValue} = Amit</msg>
<status status="PASS" starttime="20240102 14:50:34.200" endtime="20240102 14:50:34.220"/>
</kw>
<if>
<branch type="IF" condition="'${cellValue}' == '${expectedValue}'">
<kw name="Append To List" library="Collections">
<arg>${result}</arg>
<arg>[${cellValue}, ${currentRow}, ${currentColInLoop}]</arg>
<doc>Adds ``values`` to the end of ``list``.</doc>
<status status="NOT RUN" starttime="20240102 14:50:34.220" endtime="20240102 14:50:34.220"/>
</kw>
<status status="NOT RUN" starttime="20240102 14:50:34.220" endtime="20240102 14:50:34.220"/>
</branch>
<status status="PASS" starttime="20240102 14:50:34.220" endtime="20240102 14:50:34.220"/>
</if>
<status status="PASS" starttime="20240102 14:50:34.199" endtime="20240102 14:50:34.220"/>
</iter>
<iter>
<var name="${col}">3</var>
<kw name="Set Variable" library="BuiltIn">
<var>${currentColInLoop}</var>
<arg>${col}</arg>
<doc>Returns the given values which can then be assigned to a variables.</doc>
<msg timestamp="20240102 14:50:34.221" level="INFO">${currentColInLoop} = 3</msg>
<status status="PASS" starttime="20240102 14:50:34.221" endtime="20240102 14:50:34.221"/>
</kw>
<kw name="Set Variable" library="BuiltIn">
<var>${cellLocator}</var>
<arg>css:tr:nth-child(${row}) td:nth-child(${col})</arg>
<doc>Returns the given values which can then be assigned to a variables.</doc>
<msg timestamp="20240102 14:50:34.221" level="INFO">${cellLocator} = css:tr:nth-child(7) td:nth-child(3)</msg>
<status status="PASS" starttime="20240102 14:50:34.221" endtime="20240102 14:50:34.221"/>
</kw>
<kw name="Get Text" library="SeleniumLibrary">
<var>${cellValue}</var>
<arg>${cellLocator}</arg>
<doc>Returns the text value of the element identified by ``locator``.</doc>
<msg timestamp="20240102 14:50:34.241" level="INFO">${cellValue} = Javascript</msg>
<status status="PASS" starttime="20240102 14:50:34.221" endtime="20240102 14:50:34.241"/>
</kw>
<if>
<branch type="IF" condition="'${cellValue}' == '${expectedValue}'">
<kw name="Append To List" library="Collections">
<arg>${result}</arg>
<arg>[${cellValue}, ${currentRow}, ${currentColInLoop}]</arg>
<doc>Adds ``values`` to the end of ``list``.</doc>
<status status="PASS" starttime="20240102 14:50:34.243" endtime="20240102 14:50:34.243"/>
</kw>
<status status="PASS" starttime="20240102 14:50:34.243" endtime="20240102 14:50:34.243"/>
</branch>
<status status="PASS" starttime="20240102 14:50:34.243" endtime="20240102 14:50:34.243"/>
</if>
<status status="PASS" starttime="20240102 14:50:34.220" endtime="20240102 14:50:34.243"/>
</iter>
<iter>
<var name="${col}">4</var>
<kw name="Set Variable" library="BuiltIn">
<var>${currentColInLoop}</var>
<arg>${col}</arg>
<doc>Returns the given values which can then be assigned to a variables.</doc>
<msg timestamp="20240102 14:50:34.243" level="INFO">${currentColInLoop} = 4</msg>
<status status="PASS" starttime="20240102 14:50:34.243" endtime="20240102 14:50:34.243"/>
</kw>
<kw name="Set Variable" library="BuiltIn">
<var>${cellLocator}</var>
<arg>css:tr:nth-child(${row}) td:nth-child(${col})</arg>
<doc>Returns the given values which can then be assigned to a variables.</doc>
<msg timestamp="20240102 14:50:34.244" level="INFO">${cellLocator} = css:tr:nth-child(7) td:nth-child(4)</msg>
<status status="PASS" starttime="20240102 14:50:34.244" endtime="20240102 14:50:34.244"/>
</kw>
<kw name="Get Text" library="SeleniumLibrary">
<var>${cellValue}</var>
<arg>${cellLocator}</arg>
<doc>Returns the text value of the element identified by ``locator``.</doc>
<msg timestamp="20240102 14:50:34.264" level="INFO">${cellValue} = 1000</msg>
<status status="PASS" starttime="20240102 14:50:34.244" endtime="20240102 14:50:34.264"/>
</kw>
<if>
<branch type="IF" condition="'${cellValue}' == '${expectedValue}'">
<kw name="Append To List" library="Collections">
<arg>${result}</arg>
<arg>[${cellValue}, ${currentRow}, ${currentColInLoop}]</arg>
<doc>Adds ``values`` to the end of ``list``.</doc>
<status status="NOT RUN" starttime="20240102 14:50:34.265" endtime="20240102 14:50:34.265"/>
</kw>
<status status="NOT RUN" starttime="20240102 14:50:34.264" endtime="20240102 14:50:34.265"/>
</branch>
<status status="PASS" starttime="20240102 14:50:34.264" endtime="20240102 14:50:34.265"/>
</if>
<status status="PASS" starttime="20240102 14:50:34.243" endtime="20240102 14:50:34.265"/>
</iter>
<status status="PASS" starttime="20240102 14:50:34.169" endtime="20240102 14:50:34.265"/>
</for>
<status status="PASS" starttime="20240102 14:50:34.169" endtime="20240102 14:50:34.265"/>
</iter>
<status status="PASS" starttime="20240102 14:50:33.648" endtime="20240102 14:50:34.265"/>
</for>
<status status="PASS" starttime="20240102 14:50:33.623" endtime="20240102 14:50:34.265"/>
</kw>
<kw name="Validate If Table Cell Have The Expected Value" library="common_table">
<arg>${value}</arg>
<kw name="Get Table Cell By Value" library="common_table">
<var>${result}</var>
<arg>${web_table_locator}</arg>
<arg>${value}</arg>
<kw name="Get Element Count" library="SeleniumLibrary">
<var>${rowCount}</var>
<arg>${tableLocator} tr</arg>
<doc>Returns the number of elements matching ``locator``.</doc>
<msg timestamp="20240102 14:50:34.273" level="INFO">${rowCount} = 7</msg>
<status status="PASS" starttime="20240102 14:50:34.265" endtime="20240102 14:50:34.273"/>
</kw>
<kw name="Get Element Count" library="SeleniumLibrary">
<var>${colCount}</var>
<arg>${tableLocator} th</arg>
<doc>Returns the number of elements matching ``locator``.</doc>
<msg timestamp="20240102 14:50:34.281" level="INFO">${colCount} = 4</msg>
<status status="PASS" starttime="20240102 14:50:34.273" endtime="20240102 14:50:34.281"/>
</kw>
<kw name="Create List" library="BuiltIn">
<var>${result}</var>
<doc>Returns a list containing given items.</doc>
<msg timestamp="20240102 14:50:34.281" level="INFO">${result} = []</msg>
<status status="PASS" starttime="20240102 14:50:34.281" endtime="20240102 14:50:34.281"/>
</kw>
<for flavor="IN RANGE">
<var>${row}</var>
<value>1</value>
<value>${rowCount+1}</value>
<iter>
<var name="${row}">1</var>
<kw name="Set Variable" library="BuiltIn">
<var>${currentRow}</var>
<arg>${row}</arg>
<doc>Returns the given values which can then be assigned to a variables.</doc>
<msg timestamp="20240102 14:50:34.283" level="INFO">${currentRow} = 1</msg>
<status status="PASS" starttime="20240102 14:50:34.282" endtime="20240102 14:50:34.283"/>
</kw>
<for flavor="IN RANGE">
<var>${col}</var>
<value>1</value>
<value>${colCount+1}</value>
<iter>
<var name="${col}">1</var>
<kw name="Set Variable" library="BuiltIn">
<var>${currentColInLoop}</var>
<arg>${col}</arg>
<doc>Returns the given values which can then be assigned to a variables.</doc>
<msg timestamp="20240102 14:50:34.284" level="INFO">${currentColInLoop} = 1</msg>
<status status="PASS" starttime="20240102 14:50:34.284" endtime="20240102 14:50:34.284"/>
</kw>
<kw name="Set Variable" library="BuiltIn">
<var>${cellLocator}</var>
<arg>css:tr:nth-child(${row}) td:nth-child(${col})</arg>
<doc>Returns the given values which can then be assigned to a variables.</doc>
<msg timestamp="20240102 14:50:34.285" level="INFO">${cellLocator} = css:tr:nth-child(1) td:nth-child(1)</msg>
<status status="PASS" starttime="20240102 14:50:34.284" endtime="20240102 14:50:34.285"/>
</kw>
<kw name="Get Text" library="SeleniumLibrary">
<var>${cellValue}</var>
<arg>${cellLocator}</arg>
<doc>Returns the text value of the element identified by ``locator``.</doc>
<msg timestamp="20240102 14:50:34.300" level="INFO">${cellValue} = 1</msg>
<status status="PASS" starttime="20240102 14:50:34.285" endtime="20240102 14:50:34.300"/>
</kw>
<if>
<branch type="IF" condition="'${cellValue}' == '${expectedValue}'">
<kw name="Append To List" library="Collections">
<arg>${result}</arg>
<arg>[${cellValue}, ${currentRow}, ${currentColInLoop}]</arg>
<doc>Adds ``values`` to the end of ``list``.</doc>
<status status="NOT RUN" starttime="20240102 14:50:34.300" endtime="20240102 14:50:34.300"/>
</kw>
<status status="NOT RUN" starttime="20240102 14:50:34.300" endtime="20240102 14:50:34.300"/>
</branch>
<status status="PASS" starttime="20240102 14:50:34.300" endtime="20240102 14:50:34.300"/>
</if>
<status status="PASS" starttime="20240102 14:50:34.284" endtime="20240102 14:50:34.300"/>
</iter>
<iter>
<var name="${col}">2</var>
<kw name="Set Variable" library="BuiltIn">
<var>${currentColInLoop}</var>
<arg>${col}</arg>
<doc>Returns the given values which can then be assigned to a variables.</doc>
<msg timestamp="20240102 14:50:34.301" level="INFO">${currentColInLoop} = 2</msg>
<status status="PASS" starttime="20240102 14:50:34.301" endtime="20240102 14:50:34.301"/>
</kw>
<kw name="Set Variable" library="BuiltIn">
<var>${cellLocator}</var>
<arg>css:tr:nth-child(${row}) td:nth-child(${col})</arg>
<doc>Returns the given values which can then be assigned to a variables.</doc>
<msg timestamp="20240102 14:50:34.301" level="INFO">${cellLocator} = css:tr:nth-child(1) td:nth-child(2)</msg>
<status status="PASS" starttime="20240102 14:50:34.301" endtime="20240102 14:50:34.301"/>
</kw>
<kw name="Get Text" library="SeleniumLibrary">
<var>${cellValue}</var>
<arg>${cellLocator}</arg>
<doc>Returns the text value of the element identified by ``locator``.</doc>
<msg timestamp="20240102 14:50:34.313" level="INFO">${cellValue} = Product 1</msg>
<status status="PASS" starttime="20240102 14:50:34.301" endtime="20240102 14:50:34.313"/>
</kw>
<if>
<branch type="IF" condition="'${cellValue}' == '${expectedValue}'">
<kw name="Append To List" library="Collections">
<arg>${result}</arg>
<arg>[${cellValue}, ${currentRow}, ${currentColInLoop}]</arg>
<doc>Adds ``values`` to the end of ``list``.</doc>
<status status="NOT RUN" starttime="20240102 14:50:34.315" endtime="20240102 14:50:34.315"/>
</kw>
<status status="NOT RUN" starttime="20240102 14:50:34.313" endtime="20240102 14:50:34.315"/>
</branch>
<status status="PASS" starttime="20240102 14:50:34.313" endtime="20240102 14:50:34.315"/>
</if>
<status status="PASS" starttime="20240102 14:50:34.301" endtime="20240102 14:50:34.315"/>
</iter>
<iter>
<var name="${col}">3</var>
<kw name="Set Variable" library="BuiltIn">
<var>${currentColInLoop}</var>
<arg>${col}</arg>
<doc>Returns the given values which can then be assigned to a variables.</doc>
<msg timestamp="20240102 14:50:34.315" level="INFO">${currentColInLoop} = 3</msg>
<status status="PASS" starttime="20240102 14:50:34.315" endtime="20240102 14:50:34.315"/>
</kw>
<kw name="Set Variable" library="BuiltIn">
<var>${cellLocator}</var>
<arg>css:tr:nth-child(${row}) td:nth-child(${col})</arg>
[...]
</kw>
<if>
<branch type="IF" condition="'${cellValue}' == '${expectedValue}'">
<kw name="Append To List" library="Collections">
<arg>${result}</arg>
<arg>[${cellValue}, ${currentRow}, ${currentColInLoop}]</arg>
<doc>Adds ``values`` to the end of ``list``.</doc>
<status status="NOT RUN" starttime="20240102 14:50:34.621" endtime="20240102 14:50:34.621"/>
</kw>
<status status="NOT RUN" starttime="20240102 14:50:34.621" endtime="20240102 14:50:34.621"/>
</branch>
<status status="PASS" starttime="20240102 14:50:34.621" endtime="20240102 14:50:34.621"/>
</if>
<status status="PASS" starttime="20240102 14:50:34.608" endtime="20240102 14:50:34.621"/>
</iter>
<iter>
<var name="${col}">4</var>
<kw name="Set Variable" library="BuiltIn">
<var>${currentColInLoop}</var>
<arg>${col}</arg>
<doc>Returns the given values which can then be assigned to a variables.</doc>
<msg timestamp="20240102 14:50:34.622" level="INFO">${currentColInLoop} = 4</msg>
<status status="PASS" starttime="20240102 14:50:34.622" endtime="20240102 14:50:34.622"/>
</kw>
<kw name="Set Variable" library="BuiltIn">
<var>${cellLocator}</var>
<arg>css:tr:nth-child(${row}) td:nth-child(${col})</arg>
<doc>Returns the given values which can then be assigned to a variables.</doc>
<msg timestamp="20240102 14:50:34.622" level="INFO">${cellLocator} = css:tr:nth-child(6) td:nth-child(4)</msg>
<status status="PASS" starttime="20240102 14:50:34.622" endtime="20240102 14:50:34.622"/>
</kw>
<kw name="Get Text" library="SeleniumLibrary">
<var>${cellValue}</var>
<arg>${cellLocator}</arg>
<doc>Returns the text value of the element identified by ``locator``.</doc>
<msg timestamp="20240102 14:50:34.636" level="INFO">${cellValue} = 2000</msg>
<status status="PASS" starttime="20240102 14:50:34.622" endtime="20240102 14:50:34.636"/>
</kw>
<if>
<branch type="IF" condition="'${cellValue}' == '${expectedValue}'">
<kw name="Append To List" library="Collections">
<arg>${result}</arg>
<arg>[${cellValue}, ${currentRow}, ${currentColInLoop}]</arg>
<doc>Adds ``values`` to the end of ``list``.</doc>
<status status="NOT RUN" starttime="20240102 14:50:34.636" endtime="20240102 14:50:34.636"/>
</kw>
<status status="NOT RUN" starttime="20240102 14:50:34.636" endtime="20240102 14:50:34.636"/>
</branch>
<status status="PASS" starttime="20240102 14:50:34.636" endtime="20240102 14:50:34.637"/>
</if>
<status status="PASS" starttime="20240102 14:50:34.622" endtime="20240102 14:50:34.637"/>
</iter>
<status status="PASS" starttime="20240102 14:50:34.580" endtime="20240102 14:50:34.637"/>
</for>
<status status="PASS" starttime="20240102 14:50:34.580" endtime="20240102 14:50:34.637"/>
</iter>
<iter>
<var name="${row}">7</var>
<kw name="Set Variable" library="BuiltIn">
<var>${currentRow}</var>
<arg>${row}</arg>
<doc>Returns the given values which can then be assigned to a variables.</doc>
<msg timestamp="20240102 14:50:34.637" level="INFO">${currentRow} = 7</msg>
<status status="PASS" starttime="20240102 14:50:34.637" endtime="20240102 14:50:34.637"/>
</kw>
<for flavor="IN RANGE">
<var>${col}</var>
<value>1</value>
<value>${colCount+1}</value>
<iter>
<var name="${col}">1</var>
<kw name="Set Variable" library="BuiltIn">
<var>${currentColInLoop}</var>
<arg>${col}</arg>
<doc>Returns the given values which can then be assigned to a variables.</doc>
<msg timestamp="20240102 14:50:34.639" level="INFO">${currentColInLoop} = 1</msg>
<status status="PASS" starttime="20240102 14:50:34.639" endtime="20240102 14:50:34.639"/>
</kw>
<kw name="Set Variable" library="BuiltIn">
<var>${cellLocator}</var>
<arg>css:tr:nth-child(${row}) td:nth-child(${col})</arg>
<doc>Returns the given values which can then be assigned to a variables.</doc>
<msg timestamp="20240102 14:50:34.639" level="INFO">${cellLocator} = css:tr:nth-child(7) td:nth-child(1)</msg>
<status status="PASS" starttime="20240102 14:50:34.639" endtime="20240102 14:50:34.639"/>
</kw>
<kw name="Get Text" library="SeleniumLibrary">
<var>${cellValue}</var>
<arg>${cellLocator}</arg>
<doc>Returns the text value of the element identified by ``locator``.</doc>
<msg timestamp="20240102 14:50:34.651" level="INFO">${cellValue} = Master In JS</msg>
<status status="PASS" starttime="20240102 14:50:34.639" endtime="20240102 14:50:34.651"/>
</kw>
<if>
<branch type="IF" condition="'${cellValue}' == '${expectedValue}'">
<kw name="Append To List" library="Collections">
<arg>${result}</arg>
<arg>[${cellValue}, ${currentRow}, ${currentColInLoop}]</arg>
<doc>Adds ``values`` to the end of ``list``.</doc>
<status status="NOT RUN" starttime="20240102 14:50:34.652" endtime="20240102 14:50:34.652"/>
</kw>
<status status="NOT RUN" starttime="20240102 14:50:34.651" endtime="20240102 14:50:34.652"/>
</branch>
<status status="PASS" starttime="20240102 14:50:34.651" endtime="20240102 14:50:34.652"/>
</if>
<status status="PASS" starttime="20240102 14:50:34.639" endtime="20240102 14:50:34.652"/>
</iter>
<iter>
<var name="${col}">2</var>
<kw name="Set Variable" library="BuiltIn">
<var>${currentColInLoop}</var>
<arg>${col}</arg>
<doc>Returns the given values which can then be assigned to a variables.</doc>
<msg timestamp="20240102 14:50:34.652" level="INFO">${currentColInLoop} = 2</msg>
<status status="PASS" starttime="20240102 14:50:34.652" endtime="20240102 14:50:34.652"/>
</kw>
<kw name="Set Variable" library="BuiltIn">
<var>${cellLocator}</var>
<arg>css:tr:nth-child(${row}) td:nth-child(${col})</arg>
<doc>Returns the given values which can then be assigned to a variables.</doc>
<msg timestamp="20240102 14:50:34.652" level="INFO">${cellLocator} = css:tr:nth-child(7) td:nth-child(2)</msg>
<status status="PASS" starttime="20240102 14:50:34.652" endtime="20240102 14:50:34.652"/>
</kw>
<kw name="Get Text" library="SeleniumLibrary">
<var>${cellValue}</var>
<arg>${cellLocator}</arg>
<doc>Returns the text value of the element identified by ``locator``.</doc>
<msg timestamp="20240102 14:50:34.667" level="INFO">${cellValue} = Amit</msg>
<status status="PASS" starttime="20240102 14:50:34.652" endtime="20240102 14:50:34.667"/>
</kw>
<if>
<branch type="IF" condition="'${cellValue}' == '${expectedValue}'">
<kw name="Append To List" library="Collections">
<arg>${result}</arg>
<arg>[${cellValue}, ${currentRow}, ${currentColInLoop}]</arg>
<doc>Adds ``values`` to the end of ``list``.</doc>
<status status="NOT RUN" starttime="20240102 14:50:34.667" endtime="20240102 14:50:34.667"/>
</kw>
<status status="NOT RUN" starttime="20240102 14:50:34.667" endtime="20240102 14:50:34.667"/>
</branch>
<status status="PASS" starttime="20240102 14:50:34.667" endtime="20240102 14:50:34.667"/>
</if>
<status status="PASS" starttime="20240102 14:50:34.652" endtime="20240102 14:50:34.667"/>
</iter>
<iter>
<var name="${col}">3</var>
<kw name="Set Variable" library="BuiltIn">
<var>${currentColInLoop}</var>
<arg>${col}</arg>
<doc>Returns the given values which can then be assigned to a variables.</doc>
<msg timestamp="20240102 14:50:34.668" level="INFO">${currentColInLoop} = 3</msg>
<status status="PASS" starttime="20240102 14:50:34.668" endtime="20240102 14:50:34.668"/>
</kw>
<kw name="Set Variable" library="BuiltIn">
<var>${cellLocator}</var>
<arg>css:tr:nth-child(${row}) td:nth-child(${col})</arg>
<doc>Returns the given values which can then be assigned to a variables.</doc>
<msg timestamp="20240102 14:50:34.668" level="INFO">${cellLocator} = css:tr:nth-child(7) td:nth-child(3)</msg>
<status status="PASS" starttime="20240102 14:50:34.668" endtime="20240102 14:50:34.668"/>
</kw>
<kw name="Get Text" library="SeleniumLibrary">
<var>${cellValue}</var>
<arg>${cellLocator}</arg>
<doc>Returns the text value of the element identified by ``locator``.</doc>
<msg timestamp="20240102 14:50:34.681" level="INFO">${cellValue} = Javascript</msg>
<status status="PASS" starttime="20240102 14:50:34.668" endtime="20240102 14:50:34.681"/>
</kw>
<if>
<branch type="IF" condition="'${cellValue}' == '${expectedValue}'">
<kw name="Append To List" library="Collections">
<arg>${result}</arg>
<arg>[${cellValue}, ${currentRow}, ${currentColInLoop}]</arg>
<doc>Adds ``values`` to the end of ``list``.</doc>
<status status="PASS" starttime="20240102 14:50:34.682" endtime="20240102 14:50:34.682"/>
</kw>
<status status="PASS" starttime="20240102 14:50:34.681" endtime="20240102 14:50:34.682"/>
</branch>
<status status="PASS" starttime="20240102 14:50:34.681" endtime="20240102 14:50:34.682"/>
</if>
<status status="PASS" starttime="20240102 14:50:34.668" endtime="20240102 14:50:34.682"/>
</iter>
<iter>
<var name="${col}">4</var>
<kw name="Set Variable" library="BuiltIn">
<var>${currentColInLoop}</var>
<arg>${col}</arg>
<doc>Returns the given values which can then be assigned to a variables.</doc>
<msg timestamp="20240102 14:50:34.682" level="INFO">${currentColInLoop} = 4</msg>
<status status="PASS" starttime="20240102 14:50:34.682" endtime="20240102 14:50:34.682"/>
</kw>
<kw name="Set Variable" library="BuiltIn">
<var>${cellLocator}</var>
<arg>css:tr:nth-child(${row}) td:nth-child(${col})</arg>
<doc>Returns the given values which can then be assigned to a variables.</doc>
<msg timestamp="20240102 14:50:34.682" level="INFO">${cellLocator} = css:tr:nth-child(7) td:nth-child(4)</msg>
<status status="PASS" starttime="20240102 14:50:34.682" endtime="20240102 14:50:34.682"/>
</kw>
<kw name="Get Text" library="SeleniumLibrary">
<var>${cellValue}</var>
<arg>${cellLocator}</arg>
<doc>Returns the text value of the element identified by ``locator``.</doc>
<msg timestamp="20240102 14:50:34.694" level="INFO">${cellValue} = 1000</msg>
<status status="PASS" starttime="20240102 14:50:34.682" endtime="20240102 14:50:34.694"/>
</kw>
<if>
<branch type="IF" condition="'${cellValue}' == '${expectedValue}'">
<kw name="Append To List" library="Collections">
<arg>${result}</arg>
<arg>[${cellValue}, ${currentRow}, ${currentColInLoop}]</arg>
<doc>Adds ``values`` to the end of ``list``.</doc>
<status status="NOT RUN" starttime="20240102 14:50:34.695" endtime="20240102 14:50:34.695"/>
</kw>
<status status="NOT RUN" starttime="20240102 14:50:34.694" endtime="20240102 14:50:34.695"/>
</branch>
<status status="PASS" starttime="20240102 14:50:34.694" endtime="20240102 14:50:34.695"/>
</if>
<status status="PASS" starttime="20240102 14:50:34.682" endtime="20240102 14:50:34.695"/>
</iter>
<status status="PASS" starttime="20240102 14:50:34.637" endtime="20240102 14:50:34.695"/>
</for>
<status status="PASS" starttime="20240102 14:50:34.637" endtime="20240102 14:50:34.695"/>
</iter>
<status status="PASS" starttime="20240102 14:50:34.281" endtime="20240102 14:50:34.695"/>
</for>
<msg timestamp="20240102 14:50:34.695" level="INFO">${result} = ['[Javascript, 4, 3]', '[Javascript, 7, 3]']</msg>
<status status="PASS" starttime="20240102 14:50:34.265" endtime="20240102 14:50:34.695"/>
</kw>
<for flavor="IN">
<var>${list}</var>
<value>@{result}</value>
<iter>
<var name="${list}">[Javascript, 4, 3]</var>
<kw name="Log Many" library="BuiltIn">
<arg>Value exists in: ${list[0]} at row ${list[1]}, column ${list[2]}</arg>
<doc>Logs the given messages as separate entries using the INFO level.</doc>
<msg timestamp="20240102 14:50:34.697" level="INFO">Value exists in: [ at row J, column a</msg>
<status status="PASS" starttime="20240102 14:50:34.695" endtime="20240102 14:50:34.697"/>
</kw>
<status status="PASS" starttime="20240102 14:50:34.695" endtime="20240102 14:50:34.697"/>
</iter>
<iter>
<var name="${list}">[Javascript, 7, 3]</var>
<kw name="Log Many" library="BuiltIn">
<arg>Value exists in: ${list[0]} at row ${list[1]}, column ${list[2]}</arg>
<doc>Logs the given messages as separate entries using the INFO level.</doc>
<msg timestamp="20240102 14:50:34.698" level="INFO">Value exists in: [ at row J, column a</msg>
<status status="PASS" starttime="20240102 14:50:34.697" endtime="20240102 14:50:34.698"/>
</kw>
<status status="PASS" starttime="20240102 14:50:34.697" endtime="20240102 14:50:34.698"/>
</iter>
<status status="PASS" starttime="20240102 14:50:34.695" endtime="20240102 14:50:34.698"/>
</for>
<status status="PASS" starttime="20240102 14:50:34.265" endtime="20240102 14:50:34.698"/>
</kw>
<status status="PASS" starttime="20240102 14:50:33.623" endtime="20240102 14:50:34.698"/>
</kw>
<kw name="Select Page from Table Pages" library="automation_blog_page">
<arg>3</arg>
<kw name="Change Page In Pagination Table" library="common_table">
<arg>${pagination_table_page}</arg>
<arg>${pageNumber}</arg>
<kw name="Click Page In Pagination Table" library="common_table">
<arg>${locator}</arg>
<arg>${targetPage}</arg>
<kw name="Get Pagination Table Page Elements" library="common_table">
<var>${pageElements}</var>
<arg>${locator}</arg>
<kw name="Get WebElements" library="SeleniumLibrary">
<var>${pageElements}</var>
<arg>${locator}</arg>
<doc>Returns a list of WebElement objects matching the ``locator``.</doc>
<msg timestamp="20240102 14:50:34.709" level="INFO">${pageElements} = [&lt;selenium.webdriver.remote.webelement.WebElement (session="902393839409fa66577847a91d6ebfa1", element="26231AEB744D2211503CB4C58FBF0E91_element_156")&gt;, &lt;selenium.webdriver.remote.webelement.WebElemen...</msg>
<status status="PASS" starttime="20240102 14:50:34.699" endtime="20240102 14:50:34.709"/>
</kw>
<msg timestamp="20240102 14:50:34.709" level="INFO">${pageElements} = [&lt;selenium.webdriver.remote.webelement.WebElement (session="902393839409fa66577847a91d6ebfa1", element="26231AEB744D2211503CB4C58FBF0E91_element_156")&gt;, &lt;selenium.webdriver.remote.webelement.WebElemen...</msg>
<status status="PASS" starttime="20240102 14:50:34.699" endtime="20240102 14:50:34.709"/>
</kw>
<kw name="Convert To Integer" library="BuiltIn">
<var>${pageNumberInteger}</var>
<arg>${pageNumber}</arg>
<doc>Converts the given item to an integer number.</doc>
<msg timestamp="20240102 14:50:34.709" level="INFO">${pageNumberInteger} = 3</msg>
<status status="PASS" starttime="20240102 14:50:34.709" endtime="20240102 14:50:34.709"/>
</kw>
<kw name="Get From List" library="Collections">
<var>${pageNumberElement}</var>
<arg>${pageElements}</arg>
<arg>${pageNumberInteger - 1}</arg>
<doc>Returns the value specified with an ``index`` from ``list``.</doc>
<msg timestamp="20240102 14:50:34.710" level="INFO">${pageNumberElement} = &lt;selenium.webdriver.remote.webelement.WebElement (session="902393839409fa66577847a91d6ebfa1", element="26231AEB744D2211503CB4C58FBF0E91_element_158")&gt;</msg>
<status status="PASS" starttime="20240102 14:50:34.709" endtime="20240102 14:50:34.710"/>
</kw>
<kw name="Click Element" library="SeleniumLibrary">
<arg>${pageNumberElement}</arg>
<doc>Click the element identified by ``locator``.</doc>
<msg timestamp="20240102 14:50:34.710" level="INFO">Clicking element '&lt;selenium.webdriver.remote.webelement.WebElement (session="902393839409fa66577847a91d6ebfa1", element="26231AEB744D2211503CB4C58FBF0E91_element_158")&gt;'.</msg>
<status status="PASS" starttime="20240102 14:50:34.710" endtime="20240102 14:50:34.746"/>
</kw>
<status status="PASS" starttime="20240102 14:50:34.699" endtime="20240102 14:50:34.746"/>
</kw>
<status status="PASS" starttime="20240102 14:50:34.699" endtime="20240102 14:50:34.746"/>
</kw>
<status status="PASS" starttime="20240102 14:50:34.699" endtime="20240102 14:50:34.746"/>
</kw>
<kw name="Mark checkbox based on value in Table" library="automation_blog_page">
<arg>Product 14</arg>
<kw name="Toggle Checkbox Based on Value in Table" library="common_table">
<arg>${pagination_table_locator}</arg>
<arg>${value}</arg>
<arg>${td_position}</arg>
<kw name="Set Variable" library="BuiltIn">
<var>${checkboxLocator}</var>
<arg>//*[@id="${tableId}"]/tbody/tr[td[contains(text(),"${valueToFind}")]]/td[${tdPosition}]/input</arg>
<doc>Returns the given values which can then be assigned to a variables.</doc>
<msg timestamp="20240102 14:50:34.747" level="INFO">${checkboxLocator} = //*[@id="id=productTable"]/tbody/tr[td[contains(text(),"Product 14")]]/td[4]/input</msg>
<status status="PASS" starttime="20240102 14:50:34.747" endtime="20240102 14:50:34.747"/>
</kw>
<kw name="Run Keyword And Return Status" library="BuiltIn">
<var>${checkboxExists}</var>
<arg>Page Should Contain Element</arg>
<arg>${checkboxLocator}</arg>
<doc>Runs the given keyword with given arguments and returns the status as a Boolean value.</doc>
<kw name="Page Should Contain Element" library="SeleniumLibrary">
<arg>${checkboxLocator}</arg>
<doc>Verifies that element ``locator`` is found on the current page.</doc>
<msg timestamp="20240102 14:50:34.865" level="INFO" html="true">&lt;/td&gt;&lt;/tr&gt;&lt;tr&gt;&lt;td colspan="3"&gt;&lt;a href="selenium-screenshot-43.png"&gt;&lt;img src="selenium-screenshot-43.png" width="800px"&gt;&lt;/a&gt;</msg>
<msg timestamp="20240102 14:50:34.866" level="FAIL">Page should have contained element '//*[@id="id=productTable"]/tbody/tr[td[contains(text(),"Product 14")]]/td[4]/input' but did not.</msg>
<status status="FAIL" starttime="20240102 14:50:34.747" endtime="20240102 14:50:34.911"/>
</kw>
<msg timestamp="20240102 14:50:34.911" level="INFO">${checkboxExists} = False</msg>
<status status="PASS" starttime="20240102 14:50:34.747" endtime="20240102 14:50:34.911"/>
</kw>
<kw name="Run Keyword If" library="BuiltIn">
<arg>'${checkboxExists}' == 'True'</arg>
<arg>Select Checkbox</arg>
<arg>${checkboxLocator}</arg>
<doc>Runs the given keyword with the given arguments, if ``condition`` is true.</doc>
<status status="PASS" starttime="20240102 14:50:34.911" endtime="20240102 14:50:34.911"/>
</kw>
<kw name="Log" library="BuiltIn">
<arg>Checked checkbox for: ${valueToFind}</arg>
<doc>Logs the given message with the given level.</doc>
<msg timestamp="20240102 14:50:34.912" level="INFO">Checked checkbox for: Product 14</msg>
<status status="PASS" starttime="20240102 14:50:34.912" endtime="20240102 14:50:34.912"/>
</kw>
<status status="PASS" starttime="20240102 14:50:34.747" endtime="20240102 14:50:34.912"/>
</kw>
<status status="PASS" starttime="20240102 14:50:34.746" endtime="20240102 14:50:34.912"/>
</kw>
<kw name="Click Submit Button" library="automation_blog_page">
<kw name="Select Frame" library="SeleniumLibrary">
<arg>${frame_locator}</arg>
<doc>Sets frame identified by ``locator`` as the current frame.</doc>
<msg timestamp="20240102 14:50:34.913" level="INFO">Selecting frame 'class=widget-content iframe#frame-one796456169'.</msg>
<status status="PASS" starttime="20240102 14:50:34.912" endtime="20240102 14:50:34.945"/>
</kw>
<kw name="Click" library="common_elements">
<arg>${submit_button}</arg>
<kw name="Click Element" library="SeleniumLibrary">
<arg>${locator}</arg>
<doc>Click the element identified by ``locator``.</doc>
<msg timestamp="20240102 14:50:34.945" level="INFO">Clicking element 'class=outside_container .buttons_reverse input'.</msg>
<status status="PASS" starttime="20240102 14:50:34.945" endtime="20240102 14:50:35.394"/>
</kw>
<status status="PASS" starttime="20240102 14:50:34.945" endtime="20240102 14:50:35.394"/>
</kw>
<kw name="Unselect Frame" library="SeleniumLibrary">
<doc>Sets the main frame as the current frame.</doc>
<status status="PASS" starttime="20240102 14:50:35.394" endtime="20240102 14:50:35.397"/>
</kw>
<status status="PASS" starttime="20240102 14:50:34.912" endtime="20240102 14:50:35.397"/>
</kw>
<status status="PASS" starttime="20240102 14:50:26.042" endtime="20240102 14:50:35.398"/>
</test>
<status status="PASS" starttime="20240102 14:50:25.640" endtime="20240102 14:50:35.399"/>
</suite>
<statistics>
<total>
<stat pass="1" fail="0" skip="0">All Tests</stat>
</total>
<tag>
</tag>
<suite>
<stat pass="1" fail="0" skip="0" id="s1" name="Automationtestingpractice">Automationtestingpractice</stat>
</suite>
</statistics>
<errors>
<msg timestamp="20240102 14:50:26.005" level="ERROR">Error in file 'C:\Users\amanda.delcorco\Project robot\robotproject\resources\code_base\common_elements.resource' on line 7: Resource file '..\..\..\..\Downloads\tables.resource' does not exist.</msg>
</errors>
</robot>
